This file contains any messages produced by compilers while
running configure, to aid debugging if configure makes a mistake.

It was created by fatcache configure 0.1.1, which was
generated by GNU Autoconf 2.69.  Invocation command line was

  $ ./configure --enable-debug=log

## --------- ##
## Platform. ##
## --------- ##

hostname = OptiPlex-7040
uname -m = x86_64
uname -r = 5.4.0-109-generic
uname -s = Linux
uname -v = #123~18.04.1-Ubuntu SMP Fri Apr 8 09:48:52 UTC 2022

/usr/bin/uname -p = unknown
/bin/uname -X     = unknown

/bin/arch              = unknown
/usr/bin/arch -k       = unknown
/usr/convex/getsysinfo = unknown
/usr/bin/hostinfo      = unknown
/bin/machine           = unknown
/usr/bin/oslevel       = unknown
/bin/universe          = unknown

PATH: /usr/local/sbin
PATH: /usr/local/bin
PATH: /usr/sbin
PATH: /usr/bin
PATH: /sbin
PATH: /bin
PATH: /usr/games
PATH: /usr/local/games
PATH: /snap/bin


## ----------- ##
## Core tests. ##
## ----------- ##

configure:2445: checking build system type
configure:2459: result: x86_64-pc-linux-gnu
configure:2479: checking host system type
configure:2492: result: x86_64-pc-linux-gnu
configure:2512: checking target system type
configure:2525: result: x86_64-pc-linux-gnu
configure:2570: checking for a BSD-compatible install
configure:2638: result: /usr/bin/install -c
configure:2649: checking whether build environment is sane
configure:2704: result: yes
configure:2855: checking for a thread-safe mkdir -p
configure:2894: result: /bin/mkdir -p
configure:2901: checking for gawk
configure:2931: result: no
configure:2901: checking for mawk
configure:2917: found /usr/bin/mawk
configure:2928: result: mawk
configure:2939: checking whether make sets $(MAKE)
configure:2961: result: yes
configure:2990: checking whether make supports nested variables
configure:3007: result: yes
configure:3205: checking for gcc
configure:3221: found /usr/bin/gcc
configure:3232: result: gcc
configure:3461: checking for C compiler version
configure:3470: gcc --version >&5
gcc (Ubuntu 7.5.0-3ubuntu1~18.04) 7.5.0
Copyright (C) 2017 Free Software Foundation, Inc.
This is free software; see the source for copying conditions.  There is NO
warranty; not even for MERCHANTABILITY or FITNESS FOR A PARTICULAR PURPOSE.

configure:3481: $? = 0
configure:3470: gcc -v >&5
Using built-in specs.
COLLECT_GCC=gcc
COLLECT_LTO_WRAPPER=/usr/lib/gcc/x86_64-linux-gnu/7/lto-wrapper
OFFLOAD_TARGET_NAMES=nvptx-none
OFFLOAD_TARGET_DEFAULT=1
Target: x86_64-linux-gnu
Configured with: ../src/configure -v --with-pkgversion='Ubuntu 7.5.0-3ubuntu1~18.04' --with-bugurl=file:///usr/share/doc/gcc-7/README.Bugs --enable-languages=c,ada,c++,go,brig,d,fortran,objc,obj-c++ --prefix=/usr --with-gcc-major-version-only --program-suffix=-7 --program-prefix=x86_64-linux-gnu- --enable-shared --enable-linker-build-id --libexecdir=/usr/lib --without-included-gettext --enable-threads=posix --libdir=/usr/lib --enable-nls --enable-bootstrap --enable-clocale=gnu --enable-libstdcxx-debug --enable-libstdcxx-time=yes --with-default-libstdcxx-abi=new --enable-gnu-unique-object --disable-vtable-verify --enable-libmpx --enable-plugin --enable-default-pie --with-system-zlib --with-target-system-zlib --enable-objc-gc=auto --enable-multiarch --disable-werror --with-arch-32=i686 --with-abi=m64 --with-multilib-list=m32,m64,mx32 --enable-multilib --with-tune=generic --enable-offload-targets=nvptx-none --without-cuda-driver --enable-checking=release --build=x86_64-linux-gnu --host=x86_64-linux-gnu --target=x86_64-linux-gnu
Thread model: posix
gcc version 7.5.0 (Ubuntu 7.5.0-3ubuntu1~18.04) 
configure:3481: $? = 0
configure:3470: gcc -V >&5
gcc: error: unrecognized command line option '-V'
gcc: fatal error: no input files
compilation terminated.
configure:3481: $? = 1
configure:3470: gcc -qversion >&5
gcc: error: unrecognized command line option '-qversion'; did you mean '--version'?
gcc: fatal error: no input files
compilation terminated.
configure:3481: $? = 1
configure:3501: checking whether the C compiler works
configure:3523: gcc    conftest.c  >&5
configure:3527: $? = 0
configure:3575: result: yes
configure:3578: checking for C compiler default output file name
configure:3580: result: a.out
configure:3586: checking for suffix of executables
configure:3593: gcc -o conftest    conftest.c  >&5
configure:3597: $? = 0
configure:3619: result: 
configure:3641: checking whether we are cross compiling
configure:3649: gcc -o conftest    conftest.c  >&5
configure:3653: $? = 0
configure:3660: ./conftest
configure:3664: $? = 0
configure:3679: result: no
configure:3684: checking for suffix of object files
configure:3706: gcc -c   conftest.c >&5
configure:3710: $? = 0
configure:3731: result: o
configure:3735: checking whether we are using the GNU C compiler
configure:3754: gcc -c   conftest.c >&5
configure:3754: $? = 0
configure:3763: result: yes
configure:3772: checking whether gcc accepts -g
configure:3792: gcc -c -g  conftest.c >&5
configure:3792: $? = 0
configure:3833: result: yes
configure:3850: checking for gcc option to accept ISO C89
configure:3913: gcc  -c -g -O2  conftest.c >&5
configure:3913: $? = 0
configure:3926: result: none needed
configure:3951: checking whether gcc understands -c and -o together
configure:3973: gcc -c conftest.c -o conftest2.o
configure:3976: $? = 0
configure:3973: gcc -c conftest.c -o conftest2.o
configure:3976: $? = 0
configure:3988: result: yes
configure:4016: checking for style of include used by make
configure:4044: result: GNU
configure:4070: checking dependency style of gcc
configure:4181: result: gcc3
configure:4254: checking for g++
configure:4270: found /usr/bin/g++
configure:4281: result: g++
configure:4308: checking for C++ compiler version
configure:4317: g++ --version >&5
g++ (Ubuntu 7.5.0-3ubuntu1~18.04) 7.5.0
Copyright (C) 2017 Free Software Foundation, Inc.
This is free software; see the source for copying conditions.  There is NO
warranty; not even for MERCHANTABILITY or FITNESS FOR A PARTICULAR PURPOSE.

configure:4328: $? = 0
configure:4317: g++ -v >&5
Using built-in specs.
COLLECT_GCC=g++
COLLECT_LTO_WRAPPER=/usr/lib/gcc/x86_64-linux-gnu/7/lto-wrapper
OFFLOAD_TARGET_NAMES=nvptx-none
OFFLOAD_TARGET_DEFAULT=1
Target: x86_64-linux-gnu
Configured with: ../src/configure -v --with-pkgversion='Ubuntu 7.5.0-3ubuntu1~18.04' --with-bugurl=file:///usr/share/doc/gcc-7/README.Bugs --enable-languages=c,ada,c++,go,brig,d,fortran,objc,obj-c++ --prefix=/usr --with-gcc-major-version-only --program-suffix=-7 --program-prefix=x86_64-linux-gnu- --enable-shared --enable-linker-build-id --libexecdir=/usr/lib --without-included-gettext --enable-threads=posix --libdir=/usr/lib --enable-nls --enable-bootstrap --enable-clocale=gnu --enable-libstdcxx-debug --enable-libstdcxx-time=yes --with-default-libstdcxx-abi=new --enable-gnu-unique-object --disable-vtable-verify --enable-libmpx --enable-plugin --enable-default-pie --with-system-zlib --with-target-system-zlib --enable-objc-gc=auto --enable-multiarch --disable-werror --with-arch-32=i686 --with-abi=m64 --with-multilib-list=m32,m64,mx32 --enable-multilib --with-tune=generic --enable-offload-targets=nvptx-none --without-cuda-driver --enable-checking=release --build=x86_64-linux-gnu --host=x86_64-linux-gnu --target=x86_64-linux-gnu
Thread model: posix
gcc version 7.5.0 (Ubuntu 7.5.0-3ubuntu1~18.04) 
configure:4328: $? = 0
configure:4317: g++ -V >&5
g++: error: unrecognized command line option '-V'
g++: fatal error: no input files
compilation terminated.
configure:4328: $? = 1
configure:4317: g++ -qversion >&5
g++: error: unrecognized command line option '-qversion'; did you mean '--version'?
g++: fatal error: no input files
compilation terminated.
configure:4328: $? = 1
configure:4332: checking whether we are using the GNU C++ compiler
configure:4351: g++ -c   conftest.cpp >&5
configure:4351: $? = 0
configure:4360: result: yes
configure:4369: checking whether g++ accepts -g
configure:4389: g++ -c -g  conftest.cpp >&5
configure:4389: $? = 0
configure:4430: result: yes
configure:4455: checking dependency style of g++
configure:4566: result: gcc3
configure:4582: checking whether make sets $(MAKE)
configure:4604: result: yes
configure:4617: checking for inline
configure:4633: gcc -c -g -O2  conftest.c >&5
configure:4633: $? = 0
configure:4641: result: inline
configure:4659: checking for an ANSI C-conforming const
configure:4725: gcc -c -g -O2  conftest.c >&5
configure:4725: $? = 0
configure:4732: result: yes
configure:4745: checking how to run the C preprocessor
configure:4776: gcc -E  conftest.c
configure:4776: $? = 0
configure:4790: gcc -E  conftest.c
conftest.c:15:10: fatal error: ac_nonexistent.h: No such file or directory
 #include <ac_nonexistent.h>
          ^~~~~~~~~~~~~~~~~~
compilation terminated.
configure:4790: $? = 1
configure: failed program was:
| /* confdefs.h */
| #define PACKAGE_NAME "fatcache"
| #define PACKAGE_TARNAME "fatcache"
| #define PACKAGE_VERSION "0.1.1"
| #define PACKAGE_STRING "fatcache 0.1.1"
| #define PACKAGE_BUGREPORT "manj@twitter.com"
| #define PACKAGE_URL ""
| #define PACKAGE "fatcache"
| #define VERSION "0.1.1"
| #define FC_VERSION_MAJOR 0
| #define FC_VERSION_MINOR 1
| #define FC_VERSION_PATCH 1
| #define FC_VERSION_STRING "0.1.1"
| /* end confdefs.h.  */
| #include <ac_nonexistent.h>
configure:4815: result: gcc -E
configure:4835: gcc -E  conftest.c
configure:4835: $? = 0
configure:4849: gcc -E  conftest.c
conftest.c:15:10: fatal error: ac_nonexistent.h: No such file or directory
 #include <ac_nonexistent.h>
          ^~~~~~~~~~~~~~~~~~
compilation terminated.
configure:4849: $? = 1
configure: failed program was:
| /* confdefs.h */
| #define PACKAGE_NAME "fatcache"
| #define PACKAGE_TARNAME "fatcache"
| #define PACKAGE_VERSION "0.1.1"
| #define PACKAGE_STRING "fatcache 0.1.1"
| #define PACKAGE_BUGREPORT "manj@twitter.com"
| #define PACKAGE_URL ""
| #define PACKAGE "fatcache"
| #define VERSION "0.1.1"
| #define FC_VERSION_MAJOR 0
| #define FC_VERSION_MINOR 1
| #define FC_VERSION_PATCH 1
| #define FC_VERSION_STRING "0.1.1"
| /* end confdefs.h.  */
| #include <ac_nonexistent.h>
configure:4878: checking for grep that handles long lines and -e
configure:4936: result: /bin/grep
configure:4941: checking for egrep
configure:5003: result: /bin/grep -E
configure:5008: checking for ANSI C header files
configure:5028: gcc -c -g -O2  conftest.c >&5
configure:5028: $? = 0
configure:5101: gcc -o conftest -g -O2   conftest.c  >&5
configure:5101: $? = 0
configure:5101: ./conftest
configure:5101: $? = 0
configure:5112: result: yes
configure:5125: checking for sys/types.h
configure:5125: gcc -c -g -O2  conftest.c >&5
configure:5125: $? = 0
configure:5125: result: yes
configure:5125: checking for sys/stat.h
configure:5125: gcc -c -g -O2  conftest.c >&5
configure:5125: $? = 0
configure:5125: result: yes
configure:5125: checking for stdlib.h
configure:5125: gcc -c -g -O2  conftest.c >&5
configure:5125: $? = 0
configure:5125: result: yes
configure:5125: checking for string.h
configure:5125: gcc -c -g -O2  conftest.c >&5
configure:5125: $? = 0
configure:5125: result: yes
configure:5125: checking for memory.h
configure:5125: gcc -c -g -O2  conftest.c >&5
configure:5125: $? = 0
configure:5125: result: yes
configure:5125: checking for strings.h
configure:5125: gcc -c -g -O2  conftest.c >&5
configure:5125: $? = 0
configure:5125: result: yes
configure:5125: checking for inttypes.h
configure:5125: gcc -c -g -O2  conftest.c >&5
configure:5125: $? = 0
configure:5125: result: yes
configure:5125: checking for stdint.h
configure:5125: gcc -c -g -O2  conftest.c >&5
configure:5125: $? = 0
configure:5125: result: yes
configure:5125: checking for unistd.h
configure:5125: gcc -c -g -O2  conftest.c >&5
configure:5125: $? = 0
configure:5125: result: yes
configure:5137: checking for int8_t
configure:5137: gcc -c -g -O2  conftest.c >&5
configure:5137: $? = 0
configure:5137: gcc -c -g -O2  conftest.c >&5
conftest.c: In function 'main':
conftest.c:62:12: error: size of array 'test_array' is negative
 static int test_array [1 - 2 * !((int8_t) (((((int8_t) 1 << N) << N) - 1) * 2 + 1)
            ^~~~~~~~~~
configure:5137: $? = 1
configure: failed program was:
| /* confdefs.h */
| #define PACKAGE_NAME "fatcache"
| #define PACKAGE_TARNAME "fatcache"
| #define PACKAGE_VERSION "0.1.1"
| #define PACKAGE_STRING "fatcache 0.1.1"
| #define PACKAGE_BUGREPORT "manj@twitter.com"
| #define PACKAGE_URL ""
| #define PACKAGE "fatcache"
| #define VERSION "0.1.1"
| #define FC_VERSION_MAJOR 0
| #define FC_VERSION_MINOR 1
| #define FC_VERSION_PATCH 1
| #define FC_VERSION_STRING "0.1.1"
| #define STDC_HEADERS 1
| #define HAVE_SYS_TYPES_H 1
| #define HAVE_SYS_STAT_H 1
| #define HAVE_STDLIB_H 1
| #define HAVE_STRING_H 1
| #define HAVE_MEMORY_H 1
| #define HAVE_STRINGS_H 1
| #define HAVE_INTTYPES_H 1
| #define HAVE_STDINT_H 1
| #define HAVE_UNISTD_H 1
| /* end confdefs.h.  */
| #include <stdio.h>
| #ifdef HAVE_SYS_TYPES_H
| # include <sys/types.h>
| #endif
| #ifdef HAVE_SYS_STAT_H
| # include <sys/stat.h>
| #endif
| #ifdef STDC_HEADERS
| # include <stdlib.h>
| # include <stddef.h>
| #else
| # ifdef HAVE_STDLIB_H
| #  include <stdlib.h>
| # endif
| #endif
| #ifdef HAVE_STRING_H
| # if !defined STDC_HEADERS && defined HAVE_MEMORY_H
| #  include <memory.h>
| # endif
| # include <string.h>
| #endif
| #ifdef HAVE_STRINGS_H
| # include <strings.h>
| #endif
| #ifdef HAVE_INTTYPES_H
| # include <inttypes.h>
| #endif
| #ifdef HAVE_STDINT_H
| # include <stdint.h>
| #endif
| #ifdef HAVE_UNISTD_H
| # include <unistd.h>
| #endif
| 	        enum { N = 8 / 2 - 1 };
| int
| main ()
| {
| static int test_array [1 - 2 * !((int8_t) (((((int8_t) 1 << N) << N) - 1) * 2 + 1)
| 		 < (int8_t) (((((int8_t) 1 << N) << N) - 1) * 2 + 2))];
| test_array [0] = 0;
| return test_array [0];
| 
|   ;
|   return 0;
| }
configure:5137: result: yes
configure:5148: checking for int16_t
configure:5148: gcc -c -g -O2  conftest.c >&5
configure:5148: $? = 0
configure:5148: gcc -c -g -O2  conftest.c >&5
conftest.c: In function 'main':
conftest.c:62:12: error: size of array 'test_array' is negative
 static int test_array [1 - 2 * !((int16_t) (((((int16_t) 1 << N) << N) - 1) * 2 + 1)
            ^~~~~~~~~~
configure:5148: $? = 1
configure: failed program was:
| /* confdefs.h */
| #define PACKAGE_NAME "fatcache"
| #define PACKAGE_TARNAME "fatcache"
| #define PACKAGE_VERSION "0.1.1"
| #define PACKAGE_STRING "fatcache 0.1.1"
| #define PACKAGE_BUGREPORT "manj@twitter.com"
| #define PACKAGE_URL ""
| #define PACKAGE "fatcache"
| #define VERSION "0.1.1"
| #define FC_VERSION_MAJOR 0
| #define FC_VERSION_MINOR 1
| #define FC_VERSION_PATCH 1
| #define FC_VERSION_STRING "0.1.1"
| #define STDC_HEADERS 1
| #define HAVE_SYS_TYPES_H 1
| #define HAVE_SYS_STAT_H 1
| #define HAVE_STDLIB_H 1
| #define HAVE_STRING_H 1
| #define HAVE_MEMORY_H 1
| #define HAVE_STRINGS_H 1
| #define HAVE_INTTYPES_H 1
| #define HAVE_STDINT_H 1
| #define HAVE_UNISTD_H 1
| /* end confdefs.h.  */
| #include <stdio.h>
| #ifdef HAVE_SYS_TYPES_H
| # include <sys/types.h>
| #endif
| #ifdef HAVE_SYS_STAT_H
| # include <sys/stat.h>
| #endif
| #ifdef STDC_HEADERS
| # include <stdlib.h>
| # include <stddef.h>
| #else
| # ifdef HAVE_STDLIB_H
| #  include <stdlib.h>
| # endif
| #endif
| #ifdef HAVE_STRING_H
| # if !defined STDC_HEADERS && defined HAVE_MEMORY_H
| #  include <memory.h>
| # endif
| # include <string.h>
| #endif
| #ifdef HAVE_STRINGS_H
| # include <strings.h>
| #endif
| #ifdef HAVE_INTTYPES_H
| # include <inttypes.h>
| #endif
| #ifdef HAVE_STDINT_H
| # include <stdint.h>
| #endif
| #ifdef HAVE_UNISTD_H
| # include <unistd.h>
| #endif
| 	        enum { N = 16 / 2 - 1 };
| int
| main ()
| {
| static int test_array [1 - 2 * !((int16_t) (((((int16_t) 1 << N) << N) - 1) * 2 + 1)
| 		 < (int16_t) (((((int16_t) 1 << N) << N) - 1) * 2 + 2))];
| test_array [0] = 0;
| return test_array [0];
| 
|   ;
|   return 0;
| }
configure:5148: result: yes
configure:5159: checking for int32_t
configure:5159: gcc -c -g -O2  conftest.c >&5
configure:5159: $? = 0
configure:5159: gcc -c -g -O2  conftest.c >&5
conftest.c: In function 'main':
conftest.c:63:53: warning: integer overflow in expression [-Woverflow]
    < (int32_t) (((((int32_t) 1 << N) << N) - 1) * 2 + 2))];
                                                     ^
conftest.c:62:12: error: storage size of 'test_array' isn't constant
 static int test_array [1 - 2 * !((int32_t) (((((int32_t) 1 << N) << N) - 1) * 2 + 1)
            ^~~~~~~~~~
configure:5159: $? = 1
configure: failed program was:
| /* confdefs.h */
| #define PACKAGE_NAME "fatcache"
| #define PACKAGE_TARNAME "fatcache"
| #define PACKAGE_VERSION "0.1.1"
| #define PACKAGE_STRING "fatcache 0.1.1"
| #define PACKAGE_BUGREPORT "manj@twitter.com"
| #define PACKAGE_URL ""
| #define PACKAGE "fatcache"
| #define VERSION "0.1.1"
| #define FC_VERSION_MAJOR 0
| #define FC_VERSION_MINOR 1
| #define FC_VERSION_PATCH 1
| #define FC_VERSION_STRING "0.1.1"
| #define STDC_HEADERS 1
| #define HAVE_SYS_TYPES_H 1
| #define HAVE_SYS_STAT_H 1
| #define HAVE_STDLIB_H 1
| #define HAVE_STRING_H 1
| #define HAVE_MEMORY_H 1
| #define HAVE_STRINGS_H 1
| #define HAVE_INTTYPES_H 1
| #define HAVE_STDINT_H 1
| #define HAVE_UNISTD_H 1
| /* end confdefs.h.  */
| #include <stdio.h>
| #ifdef HAVE_SYS_TYPES_H
| # include <sys/types.h>
| #endif
| #ifdef HAVE_SYS_STAT_H
| # include <sys/stat.h>
| #endif
| #ifdef STDC_HEADERS
| # include <stdlib.h>
| # include <stddef.h>
| #else
| # ifdef HAVE_STDLIB_H
| #  include <stdlib.h>
| # endif
| #endif
| #ifdef HAVE_STRING_H
| # if !defined STDC_HEADERS && defined HAVE_MEMORY_H
| #  include <memory.h>
| # endif
| # include <string.h>
| #endif
| #ifdef HAVE_STRINGS_H
| # include <strings.h>
| #endif
| #ifdef HAVE_INTTYPES_H
| # include <inttypes.h>
| #endif
| #ifdef HAVE_STDINT_H
| # include <stdint.h>
| #endif
| #ifdef HAVE_UNISTD_H
| # include <unistd.h>
| #endif
| 	        enum { N = 32 / 2 - 1 };
| int
| main ()
| {
| static int test_array [1 - 2 * !((int32_t) (((((int32_t) 1 << N) << N) - 1) * 2 + 1)
| 		 < (int32_t) (((((int32_t) 1 << N) << N) - 1) * 2 + 2))];
| test_array [0] = 0;
| return test_array [0];
| 
|   ;
|   return 0;
| }
configure:5159: result: yes
configure:5170: checking for int64_t
configure:5170: gcc -c -g -O2  conftest.c >&5
configure:5170: $? = 0
configure:5170: gcc -c -g -O2  conftest.c >&5
conftest.c: In function 'main':
conftest.c:63:53: warning: integer overflow in expression [-Woverflow]
    < (int64_t) (((((int64_t) 1 << N) << N) - 1) * 2 + 2))];
                                                     ^
conftest.c:62:12: error: storage size of 'test_array' isn't constant
 static int test_array [1 - 2 * !((int64_t) (((((int64_t) 1 << N) << N) - 1) * 2 + 1)
            ^~~~~~~~~~
configure:5170: $? = 1
configure: failed program was:
| /* confdefs.h */
| #define PACKAGE_NAME "fatcache"
| #define PACKAGE_TARNAME "fatcache"
| #define PACKAGE_VERSION "0.1.1"
| #define PACKAGE_STRING "fatcache 0.1.1"
| #define PACKAGE_BUGREPORT "manj@twitter.com"
| #define PACKAGE_URL ""
| #define PACKAGE "fatcache"
| #define VERSION "0.1.1"
| #define FC_VERSION_MAJOR 0
| #define FC_VERSION_MINOR 1
| #define FC_VERSION_PATCH 1
| #define FC_VERSION_STRING "0.1.1"
| #define STDC_HEADERS 1
| #define HAVE_SYS_TYPES_H 1
| #define HAVE_SYS_STAT_H 1
| #define HAVE_STDLIB_H 1
| #define HAVE_STRING_H 1
| #define HAVE_MEMORY_H 1
| #define HAVE_STRINGS_H 1
| #define HAVE_INTTYPES_H 1
| #define HAVE_STDINT_H 1
| #define HAVE_UNISTD_H 1
| /* end confdefs.h.  */
| #include <stdio.h>
| #ifdef HAVE_SYS_TYPES_H
| # include <sys/types.h>
| #endif
| #ifdef HAVE_SYS_STAT_H
| # include <sys/stat.h>
| #endif
| #ifdef STDC_HEADERS
| # include <stdlib.h>
| # include <stddef.h>
| #else
| # ifdef HAVE_STDLIB_H
| #  include <stdlib.h>
| # endif
| #endif
| #ifdef HAVE_STRING_H
| # if !defined STDC_HEADERS && defined HAVE_MEMORY_H
| #  include <memory.h>
| # endif
| # include <string.h>
| #endif
| #ifdef HAVE_STRINGS_H
| # include <strings.h>
| #endif
| #ifdef HAVE_INTTYPES_H
| # include <inttypes.h>
| #endif
| #ifdef HAVE_STDINT_H
| # include <stdint.h>
| #endif
| #ifdef HAVE_UNISTD_H
| # include <unistd.h>
| #endif
| 	        enum { N = 64 / 2 - 1 };
| int
| main ()
| {
| static int test_array [1 - 2 * !((int64_t) (((((int64_t) 1 << N) << N) - 1) * 2 + 1)
| 		 < (int64_t) (((((int64_t) 1 << N) << N) - 1) * 2 + 2))];
| test_array [0] = 0;
| return test_array [0];
| 
|   ;
|   return 0;
| }
configure:5170: result: yes
configure:5182: checking for unsigned long long int
configure:5221: gcc -o conftest -g -O2   conftest.c  >&5
configure:5221: $? = 0
configure:5230: result: yes
configure:5240: checking for long long int
configure:5278: gcc -o conftest -g -O2   conftest.c  >&5
configure:5278: $? = 0
configure:5278: ./conftest
configure:5278: $? = 0
configure:5290: result: yes
configure:5300: checking for intmax_t
configure:5300: gcc -c -g -O2  conftest.c >&5
configure:5300: $? = 0
configure:5300: gcc -c -g -O2  conftest.c >&5
conftest.c: In function 'main':
conftest.c:63:23: error: expected expression before ')' token
 if (sizeof ((intmax_t)))
                       ^
configure:5300: $? = 1
configure: failed program was:
| /* confdefs.h */
| #define PACKAGE_NAME "fatcache"
| #define PACKAGE_TARNAME "fatcache"
| #define PACKAGE_VERSION "0.1.1"
| #define PACKAGE_STRING "fatcache 0.1.1"
| #define PACKAGE_BUGREPORT "manj@twitter.com"
| #define PACKAGE_URL ""
| #define PACKAGE "fatcache"
| #define VERSION "0.1.1"
| #define FC_VERSION_MAJOR 0
| #define FC_VERSION_MINOR 1
| #define FC_VERSION_PATCH 1
| #define FC_VERSION_STRING "0.1.1"
| #define STDC_HEADERS 1
| #define HAVE_SYS_TYPES_H 1
| #define HAVE_SYS_STAT_H 1
| #define HAVE_STDLIB_H 1
| #define HAVE_STRING_H 1
| #define HAVE_MEMORY_H 1
| #define HAVE_STRINGS_H 1
| #define HAVE_INTTYPES_H 1
| #define HAVE_STDINT_H 1
| #define HAVE_UNISTD_H 1
| #define HAVE_UNSIGNED_LONG_LONG_INT 1
| #define HAVE_LONG_LONG_INT 1
| /* end confdefs.h.  */
| #include <stdio.h>
| #ifdef HAVE_SYS_TYPES_H
| # include <sys/types.h>
| #endif
| #ifdef HAVE_SYS_STAT_H
| # include <sys/stat.h>
| #endif
| #ifdef STDC_HEADERS
| # include <stdlib.h>
| # include <stddef.h>
| #else
| # ifdef HAVE_STDLIB_H
| #  include <stdlib.h>
| # endif
| #endif
| #ifdef HAVE_STRING_H
| # if !defined STDC_HEADERS && defined HAVE_MEMORY_H
| #  include <memory.h>
| # endif
| # include <string.h>
| #endif
| #ifdef HAVE_STRINGS_H
| # include <strings.h>
| #endif
| #ifdef HAVE_INTTYPES_H
| # include <inttypes.h>
| #endif
| #ifdef HAVE_STDINT_H
| # include <stdint.h>
| #endif
| #ifdef HAVE_UNISTD_H
| # include <unistd.h>
| #endif
| int
| main ()
| {
| if (sizeof ((intmax_t)))
| 	    return 0;
|   ;
|   return 0;
| }
configure:5300: result: yes
configure:5318: checking for intptr_t
configure:5318: gcc -c -g -O2  conftest.c >&5
configure:5318: $? = 0
configure:5318: gcc -c -g -O2  conftest.c >&5
conftest.c: In function 'main':
conftest.c:64:23: error: expected expression before ')' token
 if (sizeof ((intptr_t)))
                       ^
configure:5318: $? = 1
configure: failed program was:
| /* confdefs.h */
| #define PACKAGE_NAME "fatcache"
| #define PACKAGE_TARNAME "fatcache"
| #define PACKAGE_VERSION "0.1.1"
| #define PACKAGE_STRING "fatcache 0.1.1"
| #define PACKAGE_BUGREPORT "manj@twitter.com"
| #define PACKAGE_URL ""
| #define PACKAGE "fatcache"
| #define VERSION "0.1.1"
| #define FC_VERSION_MAJOR 0
| #define FC_VERSION_MINOR 1
| #define FC_VERSION_PATCH 1
| #define FC_VERSION_STRING "0.1.1"
| #define STDC_HEADERS 1
| #define HAVE_SYS_TYPES_H 1
| #define HAVE_SYS_STAT_H 1
| #define HAVE_STDLIB_H 1
| #define HAVE_STRING_H 1
| #define HAVE_MEMORY_H 1
| #define HAVE_STRINGS_H 1
| #define HAVE_INTTYPES_H 1
| #define HAVE_STDINT_H 1
| #define HAVE_UNISTD_H 1
| #define HAVE_UNSIGNED_LONG_LONG_INT 1
| #define HAVE_LONG_LONG_INT 1
| #define HAVE_INTMAX_T 1
| /* end confdefs.h.  */
| #include <stdio.h>
| #ifdef HAVE_SYS_TYPES_H
| # include <sys/types.h>
| #endif
| #ifdef HAVE_SYS_STAT_H
| # include <sys/stat.h>
| #endif
| #ifdef STDC_HEADERS
| # include <stdlib.h>
| # include <stddef.h>
| #else
| # ifdef HAVE_STDLIB_H
| #  include <stdlib.h>
| # endif
| #endif
| #ifdef HAVE_STRING_H
| # if !defined STDC_HEADERS && defined HAVE_MEMORY_H
| #  include <memory.h>
| # endif
| # include <string.h>
| #endif
| #ifdef HAVE_STRINGS_H
| # include <strings.h>
| #endif
| #ifdef HAVE_INTTYPES_H
| # include <inttypes.h>
| #endif
| #ifdef HAVE_STDINT_H
| # include <stdint.h>
| #endif
| #ifdef HAVE_UNISTD_H
| # include <unistd.h>
| #endif
| int
| main ()
| {
| if (sizeof ((intptr_t)))
| 	    return 0;
|   ;
|   return 0;
| }
configure:5318: result: yes
configure:5353: checking for uint8_t
configure:5353: gcc -c -g -O2  conftest.c >&5
configure:5353: $? = 0
configure:5353: result: yes
configure:5367: checking for uint16_t
configure:5367: gcc -c -g -O2  conftest.c >&5
configure:5367: $? = 0
configure:5367: result: yes
configure:5379: checking for uint32_t
configure:5379: gcc -c -g -O2  conftest.c >&5
configure:5379: $? = 0
configure:5379: result: yes
configure:5393: checking for uint64_t
configure:5393: gcc -c -g -O2  conftest.c >&5
configure:5393: $? = 0
configure:5393: result: yes
configure:5409: checking for uintmax_t
configure:5409: gcc -c -g -O2  conftest.c >&5
configure:5409: $? = 0
configure:5409: gcc -c -g -O2  conftest.c >&5
conftest.c: In function 'main':
conftest.c:65:24: error: expected expression before ')' token
 if (sizeof ((uintmax_t)))
                        ^
configure:5409: $? = 1
configure: failed program was:
| /* confdefs.h */
| #define PACKAGE_NAME "fatcache"
| #define PACKAGE_TARNAME "fatcache"
| #define PACKAGE_VERSION "0.1.1"
| #define PACKAGE_STRING "fatcache 0.1.1"
| #define PACKAGE_BUGREPORT "manj@twitter.com"
| #define PACKAGE_URL ""
| #define PACKAGE "fatcache"
| #define VERSION "0.1.1"
| #define FC_VERSION_MAJOR 0
| #define FC_VERSION_MINOR 1
| #define FC_VERSION_PATCH 1
| #define FC_VERSION_STRING "0.1.1"
| #define STDC_HEADERS 1
| #define HAVE_SYS_TYPES_H 1
| #define HAVE_SYS_STAT_H 1
| #define HAVE_STDLIB_H 1
| #define HAVE_STRING_H 1
| #define HAVE_MEMORY_H 1
| #define HAVE_STRINGS_H 1
| #define HAVE_INTTYPES_H 1
| #define HAVE_STDINT_H 1
| #define HAVE_UNISTD_H 1
| #define HAVE_UNSIGNED_LONG_LONG_INT 1
| #define HAVE_LONG_LONG_INT 1
| #define HAVE_INTMAX_T 1
| #define HAVE_INTPTR_T 1
| /* end confdefs.h.  */
| #include <stdio.h>
| #ifdef HAVE_SYS_TYPES_H
| # include <sys/types.h>
| #endif
| #ifdef HAVE_SYS_STAT_H
| # include <sys/stat.h>
| #endif
| #ifdef STDC_HEADERS
| # include <stdlib.h>
| # include <stddef.h>
| #else
| # ifdef HAVE_STDLIB_H
| #  include <stdlib.h>
| # endif
| #endif
| #ifdef HAVE_STRING_H
| # if !defined STDC_HEADERS && defined HAVE_MEMORY_H
| #  include <memory.h>
| # endif
| # include <string.h>
| #endif
| #ifdef HAVE_STRINGS_H
| # include <strings.h>
| #endif
| #ifdef HAVE_INTTYPES_H
| # include <inttypes.h>
| #endif
| #ifdef HAVE_STDINT_H
| # include <stdint.h>
| #endif
| #ifdef HAVE_UNISTD_H
| # include <unistd.h>
| #endif
| int
| main ()
| {
| if (sizeof ((uintmax_t)))
| 	    return 0;
|   ;
|   return 0;
| }
configure:5409: result: yes
configure:5427: checking for uintptr_t
configure:5427: gcc -c -g -O2  conftest.c >&5
configure:5427: $? = 0
configure:5427: gcc -c -g -O2  conftest.c >&5
conftest.c: In function 'main':
conftest.c:66:24: error: expected expression before ')' token
 if (sizeof ((uintptr_t)))
                        ^
configure:5427: $? = 1
configure: failed program was:
| /* confdefs.h */
| #define PACKAGE_NAME "fatcache"
| #define PACKAGE_TARNAME "fatcache"
| #define PACKAGE_VERSION "0.1.1"
| #define PACKAGE_STRING "fatcache 0.1.1"
| #define PACKAGE_BUGREPORT "manj@twitter.com"
| #define PACKAGE_URL ""
| #define PACKAGE "fatcache"
| #define VERSION "0.1.1"
| #define FC_VERSION_MAJOR 0
| #define FC_VERSION_MINOR 1
| #define FC_VERSION_PATCH 1
| #define FC_VERSION_STRING "0.1.1"
| #define STDC_HEADERS 1
| #define HAVE_SYS_TYPES_H 1
| #define HAVE_SYS_STAT_H 1
| #define HAVE_STDLIB_H 1
| #define HAVE_STRING_H 1
| #define HAVE_MEMORY_H 1
| #define HAVE_STRINGS_H 1
| #define HAVE_INTTYPES_H 1
| #define HAVE_STDINT_H 1
| #define HAVE_UNISTD_H 1
| #define HAVE_UNSIGNED_LONG_LONG_INT 1
| #define HAVE_LONG_LONG_INT 1
| #define HAVE_INTMAX_T 1
| #define HAVE_INTPTR_T 1
| #define HAVE_UINTMAX_T 1
| /* end confdefs.h.  */
| #include <stdio.h>
| #ifdef HAVE_SYS_TYPES_H
| # include <sys/types.h>
| #endif
| #ifdef HAVE_SYS_STAT_H
| # include <sys/stat.h>
| #endif
| #ifdef STDC_HEADERS
| # include <stdlib.h>
| # include <stddef.h>
| #else
| # ifdef HAVE_STDLIB_H
| #  include <stdlib.h>
| # endif
| #endif
| #ifdef HAVE_STRING_H
| # if !defined STDC_HEADERS && defined HAVE_MEMORY_H
| #  include <memory.h>
| # endif
| # include <string.h>
| #endif
| #ifdef HAVE_STRINGS_H
| # include <strings.h>
| #endif
| #ifdef HAVE_INTTYPES_H
| # include <inttypes.h>
| #endif
| #ifdef HAVE_STDINT_H
| # include <stdint.h>
| #endif
| #ifdef HAVE_UNISTD_H
| # include <unistd.h>
| #endif
| int
| main ()
| {
| if (sizeof ((uintptr_t)))
| 	    return 0;
|   ;
|   return 0;
| }
configure:5427: result: yes
configure:5463: checking for off_t
configure:5463: gcc -c -g -O2  conftest.c >&5
configure:5463: $? = 0
configure:5463: gcc -c -g -O2  conftest.c >&5
conftest.c: In function 'main':
conftest.c:67:20: error: expected expression before ')' token
 if (sizeof ((off_t)))
                    ^
configure:5463: $? = 1
configure: failed program was:
| /* confdefs.h */
| #define PACKAGE_NAME "fatcache"
| #define PACKAGE_TARNAME "fatcache"
| #define PACKAGE_VERSION "0.1.1"
| #define PACKAGE_STRING "fatcache 0.1.1"
| #define PACKAGE_BUGREPORT "manj@twitter.com"
| #define PACKAGE_URL ""
| #define PACKAGE "fatcache"
| #define VERSION "0.1.1"
| #define FC_VERSION_MAJOR 0
| #define FC_VERSION_MINOR 1
| #define FC_VERSION_PATCH 1
| #define FC_VERSION_STRING "0.1.1"
| #define STDC_HEADERS 1
| #define HAVE_SYS_TYPES_H 1
| #define HAVE_SYS_STAT_H 1
| #define HAVE_STDLIB_H 1
| #define HAVE_STRING_H 1
| #define HAVE_MEMORY_H 1
| #define HAVE_STRINGS_H 1
| #define HAVE_INTTYPES_H 1
| #define HAVE_STDINT_H 1
| #define HAVE_UNISTD_H 1
| #define HAVE_UNSIGNED_LONG_LONG_INT 1
| #define HAVE_LONG_LONG_INT 1
| #define HAVE_INTMAX_T 1
| #define HAVE_INTPTR_T 1
| #define HAVE_UINTMAX_T 1
| #define HAVE_UINTPTR_T 1
| /* end confdefs.h.  */
| #include <stdio.h>
| #ifdef HAVE_SYS_TYPES_H
| # include <sys/types.h>
| #endif
| #ifdef HAVE_SYS_STAT_H
| # include <sys/stat.h>
| #endif
| #ifdef STDC_HEADERS
| # include <stdlib.h>
| # include <stddef.h>
| #else
| # ifdef HAVE_STDLIB_H
| #  include <stdlib.h>
| # endif
| #endif
| #ifdef HAVE_STRING_H
| # if !defined STDC_HEADERS && defined HAVE_MEMORY_H
| #  include <memory.h>
| # endif
| # include <string.h>
| #endif
| #ifdef HAVE_STRINGS_H
| # include <strings.h>
| #endif
| #ifdef HAVE_INTTYPES_H
| # include <inttypes.h>
| #endif
| #ifdef HAVE_STDINT_H
| # include <stdint.h>
| #endif
| #ifdef HAVE_UNISTD_H
| # include <unistd.h>
| #endif
| int
| main ()
| {
| if (sizeof ((off_t)))
| 	    return 0;
|   ;
|   return 0;
| }
configure:5463: result: yes
configure:5474: checking for pid_t
configure:5474: gcc -c -g -O2  conftest.c >&5
configure:5474: $? = 0
configure:5474: gcc -c -g -O2  conftest.c >&5
conftest.c: In function 'main':
conftest.c:67:20: error: expected expression before ')' token
 if (sizeof ((pid_t)))
                    ^
configure:5474: $? = 1
configure: failed program was:
| /* confdefs.h */
| #define PACKAGE_NAME "fatcache"
| #define PACKAGE_TARNAME "fatcache"
| #define PACKAGE_VERSION "0.1.1"
| #define PACKAGE_STRING "fatcache 0.1.1"
| #define PACKAGE_BUGREPORT "manj@twitter.com"
| #define PACKAGE_URL ""
| #define PACKAGE "fatcache"
| #define VERSION "0.1.1"
| #define FC_VERSION_MAJOR 0
| #define FC_VERSION_MINOR 1
| #define FC_VERSION_PATCH 1
| #define FC_VERSION_STRING "0.1.1"
| #define STDC_HEADERS 1
| #define HAVE_SYS_TYPES_H 1
| #define HAVE_SYS_STAT_H 1
| #define HAVE_STDLIB_H 1
| #define HAVE_STRING_H 1
| #define HAVE_MEMORY_H 1
| #define HAVE_STRINGS_H 1
| #define HAVE_INTTYPES_H 1
| #define HAVE_STDINT_H 1
| #define HAVE_UNISTD_H 1
| #define HAVE_UNSIGNED_LONG_LONG_INT 1
| #define HAVE_LONG_LONG_INT 1
| #define HAVE_INTMAX_T 1
| #define HAVE_INTPTR_T 1
| #define HAVE_UINTMAX_T 1
| #define HAVE_UINTPTR_T 1
| /* end confdefs.h.  */
| #include <stdio.h>
| #ifdef HAVE_SYS_TYPES_H
| # include <sys/types.h>
| #endif
| #ifdef HAVE_SYS_STAT_H
| # include <sys/stat.h>
| #endif
| #ifdef STDC_HEADERS
| # include <stdlib.h>
| # include <stddef.h>
| #else
| # ifdef HAVE_STDLIB_H
| #  include <stdlib.h>
| # endif
| #endif
| #ifdef HAVE_STRING_H
| # if !defined STDC_HEADERS && defined HAVE_MEMORY_H
| #  include <memory.h>
| # endif
| # include <string.h>
| #endif
| #ifdef HAVE_STRINGS_H
| # include <strings.h>
| #endif
| #ifdef HAVE_INTTYPES_H
| # include <inttypes.h>
| #endif
| #ifdef HAVE_STDINT_H
| # include <stdint.h>
| #endif
| #ifdef HAVE_UNISTD_H
| # include <unistd.h>
| #endif
| int
| main ()
| {
| if (sizeof ((pid_t)))
| 	    return 0;
|   ;
|   return 0;
| }
configure:5474: result: yes
configure:5485: checking for size_t
configure:5485: gcc -c -g -O2  conftest.c >&5
configure:5485: $? = 0
configure:5485: gcc -c -g -O2  conftest.c >&5
conftest.c: In function 'main':
conftest.c:67:21: error: expected expression before ')' token
 if (sizeof ((size_t)))
                     ^
configure:5485: $? = 1
configure: failed program was:
| /* confdefs.h */
| #define PACKAGE_NAME "fatcache"
| #define PACKAGE_TARNAME "fatcache"
| #define PACKAGE_VERSION "0.1.1"
| #define PACKAGE_STRING "fatcache 0.1.1"
| #define PACKAGE_BUGREPORT "manj@twitter.com"
| #define PACKAGE_URL ""
| #define PACKAGE "fatcache"
| #define VERSION "0.1.1"
| #define FC_VERSION_MAJOR 0
| #define FC_VERSION_MINOR 1
| #define FC_VERSION_PATCH 1
| #define FC_VERSION_STRING "0.1.1"
| #define STDC_HEADERS 1
| #define HAVE_SYS_TYPES_H 1
| #define HAVE_SYS_STAT_H 1
| #define HAVE_STDLIB_H 1
| #define HAVE_STRING_H 1
| #define HAVE_MEMORY_H 1
| #define HAVE_STRINGS_H 1
| #define HAVE_INTTYPES_H 1
| #define HAVE_STDINT_H 1
| #define HAVE_UNISTD_H 1
| #define HAVE_UNSIGNED_LONG_LONG_INT 1
| #define HAVE_LONG_LONG_INT 1
| #define HAVE_INTMAX_T 1
| #define HAVE_INTPTR_T 1
| #define HAVE_UINTMAX_T 1
| #define HAVE_UINTPTR_T 1
| /* end confdefs.h.  */
| #include <stdio.h>
| #ifdef HAVE_SYS_TYPES_H
| # include <sys/types.h>
| #endif
| #ifdef HAVE_SYS_STAT_H
| # include <sys/stat.h>
| #endif
| #ifdef STDC_HEADERS
| # include <stdlib.h>
| # include <stddef.h>
| #else
| # ifdef HAVE_STDLIB_H
| #  include <stdlib.h>
| # endif
| #endif
| #ifdef HAVE_STRING_H
| # if !defined STDC_HEADERS && defined HAVE_MEMORY_H
| #  include <memory.h>
| # endif
| # include <string.h>
| #endif
| #ifdef HAVE_STRINGS_H
| # include <strings.h>
| #endif
| #ifdef HAVE_INTTYPES_H
| # include <inttypes.h>
| #endif
| #ifdef HAVE_STDINT_H
| # include <stdint.h>
| #endif
| #ifdef HAVE_UNISTD_H
| # include <unistd.h>
| #endif
| int
| main ()
| {
| if (sizeof ((size_t)))
| 	    return 0;
|   ;
|   return 0;
| }
configure:5485: result: yes
configure:5496: checking for ssize_t
configure:5496: gcc -c -g -O2  conftest.c >&5
configure:5496: $? = 0
configure:5496: gcc -c -g -O2  conftest.c >&5
conftest.c: In function 'main':
conftest.c:67:22: error: expected expression before ')' token
 if (sizeof ((ssize_t)))
                      ^
configure:5496: $? = 1
configure: failed program was:
| /* confdefs.h */
| #define PACKAGE_NAME "fatcache"
| #define PACKAGE_TARNAME "fatcache"
| #define PACKAGE_VERSION "0.1.1"
| #define PACKAGE_STRING "fatcache 0.1.1"
| #define PACKAGE_BUGREPORT "manj@twitter.com"
| #define PACKAGE_URL ""
| #define PACKAGE "fatcache"
| #define VERSION "0.1.1"
| #define FC_VERSION_MAJOR 0
| #define FC_VERSION_MINOR 1
| #define FC_VERSION_PATCH 1
| #define FC_VERSION_STRING "0.1.1"
| #define STDC_HEADERS 1
| #define HAVE_SYS_TYPES_H 1
| #define HAVE_SYS_STAT_H 1
| #define HAVE_STDLIB_H 1
| #define HAVE_STRING_H 1
| #define HAVE_MEMORY_H 1
| #define HAVE_STRINGS_H 1
| #define HAVE_INTTYPES_H 1
| #define HAVE_STDINT_H 1
| #define HAVE_UNISTD_H 1
| #define HAVE_UNSIGNED_LONG_LONG_INT 1
| #define HAVE_LONG_LONG_INT 1
| #define HAVE_INTMAX_T 1
| #define HAVE_INTPTR_T 1
| #define HAVE_UINTMAX_T 1
| #define HAVE_UINTPTR_T 1
| /* end confdefs.h.  */
| #include <stdio.h>
| #ifdef HAVE_SYS_TYPES_H
| # include <sys/types.h>
| #endif
| #ifdef HAVE_SYS_STAT_H
| # include <sys/stat.h>
| #endif
| #ifdef STDC_HEADERS
| # include <stdlib.h>
| # include <stddef.h>
| #else
| # ifdef HAVE_STDLIB_H
| #  include <stdlib.h>
| # endif
| #endif
| #ifdef HAVE_STRING_H
| # if !defined STDC_HEADERS && defined HAVE_MEMORY_H
| #  include <memory.h>
| # endif
| # include <string.h>
| #endif
| #ifdef HAVE_STRINGS_H
| # include <strings.h>
| #endif
| #ifdef HAVE_INTTYPES_H
| # include <inttypes.h>
| #endif
| #ifdef HAVE_STDINT_H
| # include <stdint.h>
| #endif
| #ifdef HAVE_UNISTD_H
| # include <unistd.h>
| #endif
| int
| main ()
| {
| if (sizeof ((ssize_t)))
| 	    return 0;
|   ;
|   return 0;
| }
configure:5496: result: yes
configure:5507: checking for uid_t in sys/types.h
configure:5526: result: yes
configure:5539: checking for stdbool.h that conforms to C99
configure:5606: gcc -c -g -O2  conftest.c >&5
configure:5606: $? = 0
configure:5613: result: yes
configure:5615: checking for _Bool
configure:5615: gcc -c -g -O2  conftest.c >&5
configure:5615: $? = 0
configure:5615: gcc -c -g -O2  conftest.c >&5
conftest.c: In function 'main':
conftest.c:67:20: error: expected expression before ')' token
 if (sizeof ((_Bool)))
                    ^
configure:5615: $? = 1
configure: failed program was:
| /* confdefs.h */
| #define PACKAGE_NAME "fatcache"
| #define PACKAGE_TARNAME "fatcache"
| #define PACKAGE_VERSION "0.1.1"
| #define PACKAGE_STRING "fatcache 0.1.1"
| #define PACKAGE_BUGREPORT "manj@twitter.com"
| #define PACKAGE_URL ""
| #define PACKAGE "fatcache"
| #define VERSION "0.1.1"
| #define FC_VERSION_MAJOR 0
| #define FC_VERSION_MINOR 1
| #define FC_VERSION_PATCH 1
| #define FC_VERSION_STRING "0.1.1"
| #define STDC_HEADERS 1
| #define HAVE_SYS_TYPES_H 1
| #define HAVE_SYS_STAT_H 1
| #define HAVE_STDLIB_H 1
| #define HAVE_STRING_H 1
| #define HAVE_MEMORY_H 1
| #define HAVE_STRINGS_H 1
| #define HAVE_INTTYPES_H 1
| #define HAVE_STDINT_H 1
| #define HAVE_UNISTD_H 1
| #define HAVE_UNSIGNED_LONG_LONG_INT 1
| #define HAVE_LONG_LONG_INT 1
| #define HAVE_INTMAX_T 1
| #define HAVE_INTPTR_T 1
| #define HAVE_UINTMAX_T 1
| #define HAVE_UINTPTR_T 1
| /* end confdefs.h.  */
| #include <stdio.h>
| #ifdef HAVE_SYS_TYPES_H
| # include <sys/types.h>
| #endif
| #ifdef HAVE_SYS_STAT_H
| # include <sys/stat.h>
| #endif
| #ifdef STDC_HEADERS
| # include <stdlib.h>
| # include <stddef.h>
| #else
| # ifdef HAVE_STDLIB_H
| #  include <stdlib.h>
| # endif
| #endif
| #ifdef HAVE_STRING_H
| # if !defined STDC_HEADERS && defined HAVE_MEMORY_H
| #  include <memory.h>
| # endif
| # include <string.h>
| #endif
| #ifdef HAVE_STRINGS_H
| # include <strings.h>
| #endif
| #ifdef HAVE_INTTYPES_H
| # include <inttypes.h>
| #endif
| #ifdef HAVE_STDINT_H
| # include <stdint.h>
| #endif
| #ifdef HAVE_UNISTD_H
| # include <unistd.h>
| #endif
| int
| main ()
| {
| if (sizeof ((_Bool)))
| 	    return 0;
|   ;
|   return 0;
| }
configure:5615: result: yes
configure:5635: checking fcntl.h usability
configure:5635: gcc -c -g -O2  conftest.c >&5
configure:5635: $? = 0
configure:5635: result: yes
configure:5635: checking fcntl.h presence
configure:5635: gcc -E  conftest.c
configure:5635: $? = 0
configure:5635: result: yes
configure:5635: checking for fcntl.h
configure:5635: result: yes
configure:5635: checking float.h usability
configure:5635: gcc -c -g -O2  conftest.c >&5
configure:5635: $? = 0
configure:5635: result: yes
configure:5635: checking float.h presence
configure:5635: gcc -E  conftest.c
configure:5635: $? = 0
configure:5635: result: yes
configure:5635: checking for float.h
configure:5635: result: yes
configure:5635: checking limits.h usability
configure:5635: gcc -c -g -O2  conftest.c >&5
configure:5635: $? = 0
configure:5635: result: yes
configure:5635: checking limits.h presence
configure:5635: gcc -E  conftest.c
configure:5635: $? = 0
configure:5635: result: yes
configure:5635: checking for limits.h
configure:5635: result: yes
configure:5635: checking stddef.h usability
configure:5635: gcc -c -g -O2  conftest.c >&5
configure:5635: $? = 0
configure:5635: result: yes
configure:5635: checking stddef.h presence
configure:5635: gcc -E  conftest.c
configure:5635: $? = 0
configure:5635: result: yes
configure:5635: checking for stddef.h
configure:5635: result: yes
configure:5635: checking for stdlib.h
configure:5635: result: yes
configure:5635: checking for string.h
configure:5635: result: yes
configure:5635: checking for unistd.h
configure:5635: result: yes
configure:5648: checking for inttypes.h
configure:5648: result: yes
configure:5648: checking for stdint.h
configure:5648: result: yes
configure:5661: checking sys/ioctl.h usability
configure:5661: gcc -c -g -O2  conftest.c >&5
configure:5661: $? = 0
configure:5661: result: yes
configure:5661: checking sys/ioctl.h presence
configure:5661: gcc -E  conftest.c
configure:5661: $? = 0
configure:5661: result: yes
configure:5661: checking for sys/ioctl.h
configure:5661: result: yes
configure:5661: checking sys/time.h usability
configure:5661: gcc -c -g -O2  conftest.c >&5
configure:5661: $? = 0
configure:5661: result: yes
configure:5661: checking sys/time.h presence
configure:5661: gcc -E  conftest.c
configure:5661: $? = 0
configure:5661: result: yes
configure:5661: checking for sys/time.h
configure:5661: result: yes
configure:5661: checking sys/uio.h usability
configure:5661: gcc -c -g -O2  conftest.c >&5
configure:5661: $? = 0
configure:5661: result: yes
configure:5661: checking sys/uio.h presence
configure:5661: gcc -E  conftest.c
configure:5661: $? = 0
configure:5661: result: yes
configure:5661: checking for sys/uio.h
configure:5661: result: yes
configure:5674: checking sys/socket.h usability
configure:5674: gcc -c -g -O2  conftest.c >&5
configure:5674: $? = 0
configure:5674: result: yes
configure:5674: checking sys/socket.h presence
configure:5674: gcc -E  conftest.c
configure:5674: $? = 0
configure:5674: result: yes
configure:5674: checking for sys/socket.h
configure:5674: result: yes
configure:5674: checking sys/un.h usability
configure:5674: gcc -c -g -O2  conftest.c >&5
configure:5674: $? = 0
configure:5674: result: yes
configure:5674: checking sys/un.h presence
configure:5674: gcc -E  conftest.c
configure:5674: $? = 0
configure:5674: result: yes
configure:5674: checking for sys/un.h
configure:5674: result: yes
configure:5674: checking netinet/in.h usability
configure:5674: gcc -c -g -O2  conftest.c >&5
configure:5674: $? = 0
configure:5674: result: yes
configure:5674: checking netinet/in.h presence
configure:5674: gcc -E  conftest.c
configure:5674: $? = 0
configure:5674: result: yes
configure:5674: checking for netinet/in.h
configure:5674: result: yes
configure:5674: checking arpa/inet.h usability
configure:5674: gcc -c -g -O2  conftest.c >&5
configure:5674: $? = 0
configure:5674: result: yes
configure:5674: checking arpa/inet.h presence
configure:5674: gcc -E  conftest.c
configure:5674: $? = 0
configure:5674: result: yes
configure:5674: checking for arpa/inet.h
configure:5674: result: yes
configure:5674: checking netdb.h usability
configure:5674: gcc -c -g -O2  conftest.c >&5
configure:5674: $? = 0
configure:5674: result: yes
configure:5674: checking netdb.h presence
configure:5674: gcc -E  conftest.c
configure:5674: $? = 0
configure:5674: result: yes
configure:5674: checking for netdb.h
configure:5674: result: yes
configure:5686: checking sys/epoll.h usability
configure:5686: gcc -c -g -O2  conftest.c >&5
configure:5686: $? = 0
configure:5686: result: yes
configure:5686: checking sys/epoll.h presence
configure:5686: gcc -E  conftest.c
configure:5686: $? = 0
configure:5686: result: yes
configure:5686: checking for sys/epoll.h
configure:5686: result: yes
configure:5702: checking vfork.h usability
configure:5702: gcc -c -g -O2  conftest.c >&5
conftest.c:84:10: fatal error: vfork.h: No such file or directory
 #include <vfork.h>
          ^~~~~~~~~
compilation terminated.
configure:5702: $? = 1
configure: failed program was:
| /* confdefs.h */
| #define PACKAGE_NAME "fatcache"
| #define PACKAGE_TARNAME "fatcache"
| #define PACKAGE_VERSION "0.1.1"
| #define PACKAGE_STRING "fatcache 0.1.1"
| #define PACKAGE_BUGREPORT "manj@twitter.com"
| #define PACKAGE_URL ""
| #define PACKAGE "fatcache"
| #define VERSION "0.1.1"
| #define FC_VERSION_MAJOR 0
| #define FC_VERSION_MINOR 1
| #define FC_VERSION_PATCH 1
| #define FC_VERSION_STRING "0.1.1"
| #define STDC_HEADERS 1
| #define HAVE_SYS_TYPES_H 1
| #define HAVE_SYS_STAT_H 1
| #define HAVE_STDLIB_H 1
| #define HAVE_STRING_H 1
| #define HAVE_MEMORY_H 1
| #define HAVE_STRINGS_H 1
| #define HAVE_INTTYPES_H 1
| #define HAVE_STDINT_H 1
| #define HAVE_UNISTD_H 1
| #define HAVE_UNSIGNED_LONG_LONG_INT 1
| #define HAVE_LONG_LONG_INT 1
| #define HAVE_INTMAX_T 1
| #define HAVE_INTPTR_T 1
| #define HAVE_UINTMAX_T 1
| #define HAVE_UINTPTR_T 1
| #define HAVE__BOOL 1
| #define HAVE_STDBOOL_H 1
| #define HAVE_FCNTL_H 1
| #define HAVE_FLOAT_H 1
| #define HAVE_LIMITS_H 1
| #define HAVE_STDDEF_H 1
| #define HAVE_STDLIB_H 1
| #define HAVE_STRING_H 1
| #define HAVE_UNISTD_H 1
| #define HAVE_INTTYPES_H 1
| #define HAVE_STDINT_H 1
| #define HAVE_SYS_IOCTL_H 1
| #define HAVE_SYS_TIME_H 1
| #define HAVE_SYS_UIO_H 1
| #define HAVE_SYS_SOCKET_H 1
| #define HAVE_SYS_UN_H 1
| #define HAVE_NETINET_IN_H 1
| #define HAVE_ARPA_INET_H 1
| #define HAVE_NETDB_H 1
| #define HAVE_SYS_EPOLL_H 1
| /* end confdefs.h.  */
| #include <stdio.h>
| #ifdef HAVE_SYS_TYPES_H
| # include <sys/types.h>
| #endif
| #ifdef HAVE_SYS_STAT_H
| # include <sys/stat.h>
| #endif
| #ifdef STDC_HEADERS
| # include <stdlib.h>
| # include <stddef.h>
| #else
| # ifdef HAVE_STDLIB_H
| #  include <stdlib.h>
| # endif
| #endif
| #ifdef HAVE_STRING_H
| # if !defined STDC_HEADERS && defined HAVE_MEMORY_H
| #  include <memory.h>
| # endif
| # include <string.h>
| #endif
| #ifdef HAVE_STRINGS_H
| # include <strings.h>
| #endif
| #ifdef HAVE_INTTYPES_H
| # include <inttypes.h>
| #endif
| #ifdef HAVE_STDINT_H
| # include <stdint.h>
| #endif
| #ifdef HAVE_UNISTD_H
| # include <unistd.h>
| #endif
| #include <vfork.h>
configure:5702: result: no
configure:5702: checking vfork.h presence
configure:5702: gcc -E  conftest.c
conftest.c:51:10: fatal error: vfork.h: No such file or directory
 #include <vfork.h>
          ^~~~~~~~~
compilation terminated.
configure:5702: $? = 1
configure: failed program was:
| /* confdefs.h */
| #define PACKAGE_NAME "fatcache"
| #define PACKAGE_TARNAME "fatcache"
| #define PACKAGE_VERSION "0.1.1"
| #define PACKAGE_STRING "fatcache 0.1.1"
| #define PACKAGE_BUGREPORT "manj@twitter.com"
| #define PACKAGE_URL ""
| #define PACKAGE "fatcache"
| #define VERSION "0.1.1"
| #define FC_VERSION_MAJOR 0
| #define FC_VERSION_MINOR 1
| #define FC_VERSION_PATCH 1
| #define FC_VERSION_STRING "0.1.1"
| #define STDC_HEADERS 1
| #define HAVE_SYS_TYPES_H 1
| #define HAVE_SYS_STAT_H 1
| #define HAVE_STDLIB_H 1
| #define HAVE_STRING_H 1
| #define HAVE_MEMORY_H 1
| #define HAVE_STRINGS_H 1
| #define HAVE_INTTYPES_H 1
| #define HAVE_STDINT_H 1
| #define HAVE_UNISTD_H 1
| #define HAVE_UNSIGNED_LONG_LONG_INT 1
| #define HAVE_LONG_LONG_INT 1
| #define HAVE_INTMAX_T 1
| #define HAVE_INTPTR_T 1
| #define HAVE_UINTMAX_T 1
| #define HAVE_UINTPTR_T 1
| #define HAVE__BOOL 1
| #define HAVE_STDBOOL_H 1
| #define HAVE_FCNTL_H 1
| #define HAVE_FLOAT_H 1
| #define HAVE_LIMITS_H 1
| #define HAVE_STDDEF_H 1
| #define HAVE_STDLIB_H 1
| #define HAVE_STRING_H 1
| #define HAVE_UNISTD_H 1
| #define HAVE_INTTYPES_H 1
| #define HAVE_STDINT_H 1
| #define HAVE_SYS_IOCTL_H 1
| #define HAVE_SYS_TIME_H 1
| #define HAVE_SYS_UIO_H 1
| #define HAVE_SYS_SOCKET_H 1
| #define HAVE_SYS_UN_H 1
| #define HAVE_NETINET_IN_H 1
| #define HAVE_ARPA_INET_H 1
| #define HAVE_NETDB_H 1
| #define HAVE_SYS_EPOLL_H 1
| /* end confdefs.h.  */
| #include <vfork.h>
configure:5702: result: no
configure:5702: checking for vfork.h
configure:5702: result: no
configure:5715: checking for fork
configure:5715: gcc -o conftest -g -O2   conftest.c  >&5
conftest.c:74:6: warning: conflicting types for built-in function 'fork' [-Wbuiltin-declaration-mismatch]
 char fork ();
      ^~~~
configure:5715: $? = 0
configure:5715: result: yes
configure:5715: checking for vfork
configure:5715: gcc -o conftest -g -O2   conftest.c  >&5
configure:5715: $? = 0
configure:5715: result: yes
configure:5725: checking for working fork
configure:5747: gcc -o conftest -g -O2   conftest.c  >&5
configure:5747: $? = 0
configure:5747: ./conftest
configure:5747: $? = 0
configure:5757: result: yes
configure:5778: checking for working vfork
configure:5888: result: yes
configure:5915: checking for stdlib.h
configure:5915: result: yes
configure:5925: checking for GNU libc compatible malloc
configure:5949: gcc -o conftest -g -O2   conftest.c  >&5
configure:5949: $? = 0
configure:5949: ./conftest
configure:5949: $? = 0
configure:5959: result: yes
configure:5982: checking for stdlib.h
configure:5982: result: yes
configure:5992: checking for GNU libc compatible realloc
configure:6016: gcc -o conftest -g -O2   conftest.c  >&5
configure:6016: $? = 0
configure:6016: ./conftest
configure:6016: $? = 0
configure:6026: result: yes
configure:6049: checking for dup2
configure:6049: gcc -o conftest -g -O2   conftest.c  >&5
configure:6049: $? = 0
configure:6049: result: yes
configure:6060: checking for gethostname
configure:6060: gcc -o conftest -g -O2   conftest.c  >&5
configure:6060: $? = 0
configure:6060: result: yes
configure:6071: checking for gettimeofday
configure:6071: gcc -o conftest -g -O2   conftest.c  >&5
configure:6071: $? = 0
configure:6071: result: yes
configure:6082: checking for strerror
configure:6082: gcc -o conftest -g -O2   conftest.c  >&5
configure:6082: $? = 0
configure:6082: result: yes
configure:6093: checking for socket
configure:6093: gcc -o conftest -g -O2   conftest.c  >&5
configure:6093: $? = 0
configure:6093: result: yes
configure:6105: checking for memchr
configure:6105: gcc -o conftest -g -O2   conftest.c  >&5
conftest.c:87:6: warning: conflicting types for built-in function 'memchr' [-Wbuiltin-declaration-mismatch]
 char memchr ();
      ^~~~~~
configure:6105: $? = 0
configure:6105: result: yes
configure:6105: checking for memmove
configure:6105: gcc -o conftest -g -O2   conftest.c  >&5
conftest.c:88:6: warning: conflicting types for built-in function 'memmove' [-Wbuiltin-declaration-mismatch]
 char memmove ();
      ^~~~~~~
configure:6105: $? = 0
configure:6105: result: yes
configure:6105: checking for memset
configure:6105: gcc -o conftest -g -O2   conftest.c  >&5
conftest.c:89:6: warning: conflicting types for built-in function 'memset' [-Wbuiltin-declaration-mismatch]
 char memset ();
      ^~~~~~
configure:6105: $? = 0
configure:6105: result: yes
configure:6117: checking for strchr
configure:6117: gcc -o conftest -g -O2   conftest.c  >&5
conftest.c:90:6: warning: conflicting types for built-in function 'strchr' [-Wbuiltin-declaration-mismatch]
 char strchr ();
      ^~~~~~
configure:6117: $? = 0
configure:6117: result: yes
configure:6117: checking for strndup
configure:6117: gcc -o conftest -g -O2   conftest.c  >&5
conftest.c:91:6: warning: conflicting types for built-in function 'strndup' [-Wbuiltin-declaration-mismatch]
 char strndup ();
      ^~~~~~~
configure:6117: $? = 0
configure:6117: result: yes
configure:6117: checking for strtol
configure:6117: gcc -o conftest -g -O2   conftest.c  >&5
configure:6117: $? = 0
configure:6117: result: yes
configure:6117: checking for strtoul
configure:6117: gcc -o conftest -g -O2   conftest.c  >&5
configure:6117: $? = 0
configure:6117: result: yes
configure:6117: checking for strtoull
configure:6117: gcc -o conftest -g -O2   conftest.c  >&5
configure:6117: $? = 0
configure:6117: result: yes
configure:6128: checking for mlockall
configure:6128: gcc -o conftest -g -O2   conftest.c  >&5
configure:6128: $? = 0
configure:6128: result: yes
configure:6139: checking for getpagesizes
configure:6139: gcc -o conftest -g -O2   conftest.c  >&5
/tmp/ccDoadhE.o: In function `main':
/home/yiliu/bb/fatcache/conftest.c:107: undefined reference to `getpagesizes'
collect2: error: ld returned 1 exit status
configure:6139: $? = 1
configure: failed program was:
| /* confdefs.h */
| #define PACKAGE_NAME "fatcache"
| #define PACKAGE_TARNAME "fatcache"
| #define PACKAGE_VERSION "0.1.1"
| #define PACKAGE_STRING "fatcache 0.1.1"
| #define PACKAGE_BUGREPORT "manj@twitter.com"
| #define PACKAGE_URL ""
| #define PACKAGE "fatcache"
| #define VERSION "0.1.1"
| #define FC_VERSION_MAJOR 0
| #define FC_VERSION_MINOR 1
| #define FC_VERSION_PATCH 1
| #define FC_VERSION_STRING "0.1.1"
| #define STDC_HEADERS 1
| #define HAVE_SYS_TYPES_H 1
| #define HAVE_SYS_STAT_H 1
| #define HAVE_STDLIB_H 1
| #define HAVE_STRING_H 1
| #define HAVE_MEMORY_H 1
| #define HAVE_STRINGS_H 1
| #define HAVE_INTTYPES_H 1
| #define HAVE_STDINT_H 1
| #define HAVE_UNISTD_H 1
| #define HAVE_UNSIGNED_LONG_LONG_INT 1
| #define HAVE_LONG_LONG_INT 1
| #define HAVE_INTMAX_T 1
| #define HAVE_INTPTR_T 1
| #define HAVE_UINTMAX_T 1
| #define HAVE_UINTPTR_T 1
| #define HAVE__BOOL 1
| #define HAVE_STDBOOL_H 1
| #define HAVE_FCNTL_H 1
| #define HAVE_FLOAT_H 1
| #define HAVE_LIMITS_H 1
| #define HAVE_STDDEF_H 1
| #define HAVE_STDLIB_H 1
| #define HAVE_STRING_H 1
| #define HAVE_UNISTD_H 1
| #define HAVE_INTTYPES_H 1
| #define HAVE_STDINT_H 1
| #define HAVE_SYS_IOCTL_H 1
| #define HAVE_SYS_TIME_H 1
| #define HAVE_SYS_UIO_H 1
| #define HAVE_SYS_SOCKET_H 1
| #define HAVE_SYS_UN_H 1
| #define HAVE_NETINET_IN_H 1
| #define HAVE_ARPA_INET_H 1
| #define HAVE_NETDB_H 1
| #define HAVE_SYS_EPOLL_H 1
| #define HAVE_FORK 1
| #define HAVE_VFORK 1
| #define HAVE_WORKING_VFORK 1
| #define HAVE_WORKING_FORK 1
| #define HAVE_STDLIB_H 1
| #define HAVE_MALLOC 1
| #define HAVE_STDLIB_H 1
| #define HAVE_REALLOC 1
| #define HAVE_DUP2 1
| #define HAVE_GETHOSTNAME 1
| #define HAVE_GETTIMEOFDAY 1
| #define HAVE_STRERROR 1
| #define HAVE_SOCKET 1
| #define HAVE_MEMCHR 1
| #define HAVE_MEMMOVE 1
| #define HAVE_MEMSET 1
| #define HAVE_STRCHR 1
| #define HAVE_STRNDUP 1
| #define HAVE_STRTOL 1
| #define HAVE_STRTOUL 1
| #define HAVE_STRTOULL 1
| #define HAVE_MLOCKALL 1
| /* end confdefs.h.  */
| /* Define getpagesizes to an innocuous variant, in case <limits.h> declares getpagesizes.
|    For example, HP-UX 11i <limits.h> declares gettimeofday.  */
| #define getpagesizes innocuous_getpagesizes
| 
| /* System header to define __stub macros and hopefully few prototypes,
|     which can conflict with char getpagesizes (); below.
|     Prefer <limits.h> to <assert.h> if __STDC__ is defined, since
|     <limits.h> exists even on freestanding compilers.  */
| 
| #ifdef __STDC__
| # include <limits.h>
| #else
| # include <assert.h>
| #endif
| 
| #undef getpagesizes
| 
| /* Override any GCC internal prototype to avoid an error.
|    Use char because int might match the return type of a GCC
|    builtin and then its argument prototype would still apply.  */
| #ifdef __cplusplus
| extern "C"
| #endif
| char getpagesizes ();
| /* The GNU C library defines this for functions which it implements
|     to always fail with ENOSYS.  Some functions are actually named
|     something starting with __ and the normal name is an alias.  */
| #if defined __stub_getpagesizes || defined __stub___getpagesizes
| choke me
| #endif
| 
| int
| main ()
| {
| return getpagesizes ();
|   ;
|   return 0;
| }
configure:6139: result: no
configure:6150: checking for memcntl
configure:6150: gcc -o conftest -g -O2   conftest.c  >&5
/tmp/ccZfFAdL.o: In function `main':
/home/yiliu/bb/fatcache/conftest.c:107: undefined reference to `memcntl'
collect2: error: ld returned 1 exit status
configure:6150: $? = 1
configure: failed program was:
| /* confdefs.h */
| #define PACKAGE_NAME "fatcache"
| #define PACKAGE_TARNAME "fatcache"
| #define PACKAGE_VERSION "0.1.1"
| #define PACKAGE_STRING "fatcache 0.1.1"
| #define PACKAGE_BUGREPORT "manj@twitter.com"
| #define PACKAGE_URL ""
| #define PACKAGE "fatcache"
| #define VERSION "0.1.1"
| #define FC_VERSION_MAJOR 0
| #define FC_VERSION_MINOR 1
| #define FC_VERSION_PATCH 1
| #define FC_VERSION_STRING "0.1.1"
| #define STDC_HEADERS 1
| #define HAVE_SYS_TYPES_H 1
| #define HAVE_SYS_STAT_H 1
| #define HAVE_STDLIB_H 1
| #define HAVE_STRING_H 1
| #define HAVE_MEMORY_H 1
| #define HAVE_STRINGS_H 1
| #define HAVE_INTTYPES_H 1
| #define HAVE_STDINT_H 1
| #define HAVE_UNISTD_H 1
| #define HAVE_UNSIGNED_LONG_LONG_INT 1
| #define HAVE_LONG_LONG_INT 1
| #define HAVE_INTMAX_T 1
| #define HAVE_INTPTR_T 1
| #define HAVE_UINTMAX_T 1
| #define HAVE_UINTPTR_T 1
| #define HAVE__BOOL 1
| #define HAVE_STDBOOL_H 1
| #define HAVE_FCNTL_H 1
| #define HAVE_FLOAT_H 1
| #define HAVE_LIMITS_H 1
| #define HAVE_STDDEF_H 1
| #define HAVE_STDLIB_H 1
| #define HAVE_STRING_H 1
| #define HAVE_UNISTD_H 1
| #define HAVE_INTTYPES_H 1
| #define HAVE_STDINT_H 1
| #define HAVE_SYS_IOCTL_H 1
| #define HAVE_SYS_TIME_H 1
| #define HAVE_SYS_UIO_H 1
| #define HAVE_SYS_SOCKET_H 1
| #define HAVE_SYS_UN_H 1
| #define HAVE_NETINET_IN_H 1
| #define HAVE_ARPA_INET_H 1
| #define HAVE_NETDB_H 1
| #define HAVE_SYS_EPOLL_H 1
| #define HAVE_FORK 1
| #define HAVE_VFORK 1
| #define HAVE_WORKING_VFORK 1
| #define HAVE_WORKING_FORK 1
| #define HAVE_STDLIB_H 1
| #define HAVE_MALLOC 1
| #define HAVE_STDLIB_H 1
| #define HAVE_REALLOC 1
| #define HAVE_DUP2 1
| #define HAVE_GETHOSTNAME 1
| #define HAVE_GETTIMEOFDAY 1
| #define HAVE_STRERROR 1
| #define HAVE_SOCKET 1
| #define HAVE_MEMCHR 1
| #define HAVE_MEMMOVE 1
| #define HAVE_MEMSET 1
| #define HAVE_STRCHR 1
| #define HAVE_STRNDUP 1
| #define HAVE_STRTOL 1
| #define HAVE_STRTOUL 1
| #define HAVE_STRTOULL 1
| #define HAVE_MLOCKALL 1
| /* end confdefs.h.  */
| /* Define memcntl to an innocuous variant, in case <limits.h> declares memcntl.
|    For example, HP-UX 11i <limits.h> declares gettimeofday.  */
| #define memcntl innocuous_memcntl
| 
| /* System header to define __stub macros and hopefully few prototypes,
|     which can conflict with char memcntl (); below.
|     Prefer <limits.h> to <assert.h> if __STDC__ is defined, since
|     <limits.h> exists even on freestanding compilers.  */
| 
| #ifdef __STDC__
| # include <limits.h>
| #else
| # include <assert.h>
| #endif
| 
| #undef memcntl
| 
| /* Override any GCC internal prototype to avoid an error.
|    Use char because int might match the return type of a GCC
|    builtin and then its argument prototype would still apply.  */
| #ifdef __cplusplus
| extern "C"
| #endif
| char memcntl ();
| /* The GNU C library defines this for functions which it implements
|     to always fail with ENOSYS.  Some functions are actually named
|     something starting with __ and the normal name is an alias.  */
| #if defined __stub_memcntl || defined __stub___memcntl
| choke me
| #endif
| 
| int
| main ()
| {
| return memcntl ();
|   ;
|   return 0;
| }
configure:6150: result: no
configure:6161: checking for backtrace
configure:6161: gcc -o conftest -g -O2   conftest.c  >&5
configure:6161: $? = 0
configure:6161: result: yes
configure:6171: checking if epoll works
configure:6202: gcc -o conftest -g -O2   conftest.c  >&5
configure:6202: $? = 0
configure:6202: ./conftest
configure:6202: $? = 0
configure:6212: result: yes
configure:6224: checking for library containing pthread_create
configure:6255: gcc -o conftest -g -O2   conftest.c  >&5
/tmp/cc1ekEnR.o: In function `main':
/home/yiliu/bb/fatcache/conftest.c:85: undefined reference to `pthread_create'
collect2: error: ld returned 1 exit status
configure:6255: $? = 1
configure: failed program was:
| /* confdefs.h */
| #define PACKAGE_NAME "fatcache"
| #define PACKAGE_TARNAME "fatcache"
| #define PACKAGE_VERSION "0.1.1"
| #define PACKAGE_STRING "fatcache 0.1.1"
| #define PACKAGE_BUGREPORT "manj@twitter.com"
| #define PACKAGE_URL ""
| #define PACKAGE "fatcache"
| #define VERSION "0.1.1"
| #define FC_VERSION_MAJOR 0
| #define FC_VERSION_MINOR 1
| #define FC_VERSION_PATCH 1
| #define FC_VERSION_STRING "0.1.1"
| #define STDC_HEADERS 1
| #define HAVE_SYS_TYPES_H 1
| #define HAVE_SYS_STAT_H 1
| #define HAVE_STDLIB_H 1
| #define HAVE_STRING_H 1
| #define HAVE_MEMORY_H 1
| #define HAVE_STRINGS_H 1
| #define HAVE_INTTYPES_H 1
| #define HAVE_STDINT_H 1
| #define HAVE_UNISTD_H 1
| #define HAVE_UNSIGNED_LONG_LONG_INT 1
| #define HAVE_LONG_LONG_INT 1
| #define HAVE_INTMAX_T 1
| #define HAVE_INTPTR_T 1
| #define HAVE_UINTMAX_T 1
| #define HAVE_UINTPTR_T 1
| #define HAVE__BOOL 1
| #define HAVE_STDBOOL_H 1
| #define HAVE_FCNTL_H 1
| #define HAVE_FLOAT_H 1
| #define HAVE_LIMITS_H 1
| #define HAVE_STDDEF_H 1
| #define HAVE_STDLIB_H 1
| #define HAVE_STRING_H 1
| #define HAVE_UNISTD_H 1
| #define HAVE_INTTYPES_H 1
| #define HAVE_STDINT_H 1
| #define HAVE_SYS_IOCTL_H 1
| #define HAVE_SYS_TIME_H 1
| #define HAVE_SYS_UIO_H 1
| #define HAVE_SYS_SOCKET_H 1
| #define HAVE_SYS_UN_H 1
| #define HAVE_NETINET_IN_H 1
| #define HAVE_ARPA_INET_H 1
| #define HAVE_NETDB_H 1
| #define HAVE_SYS_EPOLL_H 1
| #define HAVE_FORK 1
| #define HAVE_VFORK 1
| #define HAVE_WORKING_VFORK 1
| #define HAVE_WORKING_FORK 1
| #define HAVE_STDLIB_H 1
| #define HAVE_MALLOC 1
| #define HAVE_STDLIB_H 1
| #define HAVE_REALLOC 1
| #define HAVE_DUP2 1
| #define HAVE_GETHOSTNAME 1
| #define HAVE_GETTIMEOFDAY 1
| #define HAVE_STRERROR 1
| #define HAVE_SOCKET 1
| #define HAVE_MEMCHR 1
| #define HAVE_MEMMOVE 1
| #define HAVE_MEMSET 1
| #define HAVE_STRCHR 1
| #define HAVE_STRNDUP 1
| #define HAVE_STRTOL 1
| #define HAVE_STRTOUL 1
| #define HAVE_STRTOULL 1
| #define HAVE_MLOCKALL 1
| #define HAVE_BACKTRACE 1
| /* end confdefs.h.  */
| 
| /* Override any GCC internal prototype to avoid an error.
|    Use char because int might match the return type of a GCC
|    builtin and then its argument prototype would still apply.  */
| #ifdef __cplusplus
| extern "C"
| #endif
| char pthread_create ();
| int
| main ()
| {
| return pthread_create ();
|   ;
|   return 0;
| }
configure:6255: gcc -o conftest -g -O2   conftest.c -lpthread   >&5
configure:6255: $? = 0
configure:6272: result: -lpthread
configure:6284: checking whether byte ordering is bigendian
configure:6299: gcc -c -g -O2  conftest.c >&5
conftest.c:75:9: error: unknown type name 'not'
         not a universal capable compiler
         ^~~
conftest.c:75:15: error: expected '=', ',', ';', 'asm' or '__attribute__' before 'universal'
         not a universal capable compiler
               ^~~~~~~~~
conftest.c:75:15: error: unknown type name 'universal'
configure:6299: $? = 1
configure: failed program was:
| /* confdefs.h */
| #define PACKAGE_NAME "fatcache"
| #define PACKAGE_TARNAME "fatcache"
| #define PACKAGE_VERSION "0.1.1"
| #define PACKAGE_STRING "fatcache 0.1.1"
| #define PACKAGE_BUGREPORT "manj@twitter.com"
| #define PACKAGE_URL ""
| #define PACKAGE "fatcache"
| #define VERSION "0.1.1"
| #define FC_VERSION_MAJOR 0
| #define FC_VERSION_MINOR 1
| #define FC_VERSION_PATCH 1
| #define FC_VERSION_STRING "0.1.1"
| #define STDC_HEADERS 1
| #define HAVE_SYS_TYPES_H 1
| #define HAVE_SYS_STAT_H 1
| #define HAVE_STDLIB_H 1
| #define HAVE_STRING_H 1
| #define HAVE_MEMORY_H 1
| #define HAVE_STRINGS_H 1
| #define HAVE_INTTYPES_H 1
| #define HAVE_STDINT_H 1
| #define HAVE_UNISTD_H 1
| #define HAVE_UNSIGNED_LONG_LONG_INT 1
| #define HAVE_LONG_LONG_INT 1
| #define HAVE_INTMAX_T 1
| #define HAVE_INTPTR_T 1
| #define HAVE_UINTMAX_T 1
| #define HAVE_UINTPTR_T 1
| #define HAVE__BOOL 1
| #define HAVE_STDBOOL_H 1
| #define HAVE_FCNTL_H 1
| #define HAVE_FLOAT_H 1
| #define HAVE_LIMITS_H 1
| #define HAVE_STDDEF_H 1
| #define HAVE_STDLIB_H 1
| #define HAVE_STRING_H 1
| #define HAVE_UNISTD_H 1
| #define HAVE_INTTYPES_H 1
| #define HAVE_STDINT_H 1
| #define HAVE_SYS_IOCTL_H 1
| #define HAVE_SYS_TIME_H 1
| #define HAVE_SYS_UIO_H 1
| #define HAVE_SYS_SOCKET_H 1
| #define HAVE_SYS_UN_H 1
| #define HAVE_NETINET_IN_H 1
| #define HAVE_ARPA_INET_H 1
| #define HAVE_NETDB_H 1
| #define HAVE_SYS_EPOLL_H 1
| #define HAVE_FORK 1
| #define HAVE_VFORK 1
| #define HAVE_WORKING_VFORK 1
| #define HAVE_WORKING_FORK 1
| #define HAVE_STDLIB_H 1
| #define HAVE_MALLOC 1
| #define HAVE_STDLIB_H 1
| #define HAVE_REALLOC 1
| #define HAVE_DUP2 1
| #define HAVE_GETHOSTNAME 1
| #define HAVE_GETTIMEOFDAY 1
| #define HAVE_STRERROR 1
| #define HAVE_SOCKET 1
| #define HAVE_MEMCHR 1
| #define HAVE_MEMMOVE 1
| #define HAVE_MEMSET 1
| #define HAVE_STRCHR 1
| #define HAVE_STRNDUP 1
| #define HAVE_STRTOL 1
| #define HAVE_STRTOUL 1
| #define HAVE_STRTOULL 1
| #define HAVE_MLOCKALL 1
| #define HAVE_BACKTRACE 1
| /* end confdefs.h.  */
| #ifndef __APPLE_CC__
| 	       not a universal capable compiler
| 	     #endif
| 	     typedef int dummy;
| 
configure:6344: gcc -c -g -O2  conftest.c >&5
configure:6344: $? = 0
configure:6362: gcc -c -g -O2  conftest.c >&5
conftest.c: In function 'main':
conftest.c:81:4: error: unknown type name 'not'; did you mean 'ino_t'?
    not big endian
    ^~~
    ino_t
conftest.c:81:12: error: expected '=', ',', ';', 'asm' or '__attribute__' before 'endian'
    not big endian
            ^~~~~~
configure:6362: $? = 1
configure: failed program was:
| /* confdefs.h */
| #define PACKAGE_NAME "fatcache"
| #define PACKAGE_TARNAME "fatcache"
| #define PACKAGE_VERSION "0.1.1"
| #define PACKAGE_STRING "fatcache 0.1.1"
| #define PACKAGE_BUGREPORT "manj@twitter.com"
| #define PACKAGE_URL ""
| #define PACKAGE "fatcache"
| #define VERSION "0.1.1"
| #define FC_VERSION_MAJOR 0
| #define FC_VERSION_MINOR 1
| #define FC_VERSION_PATCH 1
| #define FC_VERSION_STRING "0.1.1"
| #define STDC_HEADERS 1
| #define HAVE_SYS_TYPES_H 1
| #define HAVE_SYS_STAT_H 1
| #define HAVE_STDLIB_H 1
| #define HAVE_STRING_H 1
| #define HAVE_MEMORY_H 1
| #define HAVE_STRINGS_H 1
| #define HAVE_INTTYPES_H 1
| #define HAVE_STDINT_H 1
| #define HAVE_UNISTD_H 1
| #define HAVE_UNSIGNED_LONG_LONG_INT 1
| #define HAVE_LONG_LONG_INT 1
| #define HAVE_INTMAX_T 1
| #define HAVE_INTPTR_T 1
| #define HAVE_UINTMAX_T 1
| #define HAVE_UINTPTR_T 1
| #define HAVE__BOOL 1
| #define HAVE_STDBOOL_H 1
| #define HAVE_FCNTL_H 1
| #define HAVE_FLOAT_H 1
| #define HAVE_LIMITS_H 1
| #define HAVE_STDDEF_H 1
| #define HAVE_STDLIB_H 1
| #define HAVE_STRING_H 1
| #define HAVE_UNISTD_H 1
| #define HAVE_INTTYPES_H 1
| #define HAVE_STDINT_H 1
| #define HAVE_SYS_IOCTL_H 1
| #define HAVE_SYS_TIME_H 1
| #define HAVE_SYS_UIO_H 1
| #define HAVE_SYS_SOCKET_H 1
| #define HAVE_SYS_UN_H 1
| #define HAVE_NETINET_IN_H 1
| #define HAVE_ARPA_INET_H 1
| #define HAVE_NETDB_H 1
| #define HAVE_SYS_EPOLL_H 1
| #define HAVE_FORK 1
| #define HAVE_VFORK 1
| #define HAVE_WORKING_VFORK 1
| #define HAVE_WORKING_FORK 1
| #define HAVE_STDLIB_H 1
| #define HAVE_MALLOC 1
| #define HAVE_STDLIB_H 1
| #define HAVE_REALLOC 1
| #define HAVE_DUP2 1
| #define HAVE_GETHOSTNAME 1
| #define HAVE_GETTIMEOFDAY 1
| #define HAVE_STRERROR 1
| #define HAVE_SOCKET 1
| #define HAVE_MEMCHR 1
| #define HAVE_MEMMOVE 1
| #define HAVE_MEMSET 1
| #define HAVE_STRCHR 1
| #define HAVE_STRNDUP 1
| #define HAVE_STRTOL 1
| #define HAVE_STRTOUL 1
| #define HAVE_STRTOULL 1
| #define HAVE_MLOCKALL 1
| #define HAVE_BACKTRACE 1
| /* end confdefs.h.  */
| #include <sys/types.h>
| 		#include <sys/param.h>
| 
| int
| main ()
| {
| #if BYTE_ORDER != BIG_ENDIAN
| 		 not big endian
| 		#endif
| 
|   ;
|   return 0;
| }
configure:6490: result: no
configure:6511: checking whether to enable debug logs and asserts
configure:6549: result: log
configure:6666: checking that generated files are newer than configure
configure:6672: result: done
configure:6699: creating ./config.status

## ---------------------- ##
## Running config.status. ##
## ---------------------- ##

This file was extended by fatcache config.status 0.1.1, which was
generated by GNU Autoconf 2.69.  Invocation command line was

  CONFIG_FILES    = 
  CONFIG_HEADERS  = 
  CONFIG_LINKS    = 
  CONFIG_COMMANDS = 
  $ ./config.status 

on OptiPlex-7040

config.status:927: creating Makefile
config.status:927: creating src/Makefile
config.status:927: creating config.h
config.status:1108: config.h is unchanged
config.status:1156: executing depfiles commands

## ---------------- ##
## Cache variables. ##
## ---------------- ##

ac_cv_build=x86_64-pc-linux-gnu
ac_cv_c_bigendian=no
ac_cv_c_compiler_gnu=yes
ac_cv_c_const=yes
ac_cv_c_inline=inline
ac_cv_c_int16_t=yes
ac_cv_c_int32_t=yes
ac_cv_c_int64_t=yes
ac_cv_c_int8_t=yes
ac_cv_c_uint16_t=yes
ac_cv_c_uint32_t=yes
ac_cv_c_uint64_t=yes
ac_cv_c_uint8_t=yes
ac_cv_cxx_compiler_gnu=yes
ac_cv_env_CCC_set=
ac_cv_env_CCC_value=
ac_cv_env_CC_set=
ac_cv_env_CC_value=
ac_cv_env_CFLAGS_set=
ac_cv_env_CFLAGS_value=
ac_cv_env_CPPFLAGS_set=
ac_cv_env_CPPFLAGS_value=
ac_cv_env_CPP_set=
ac_cv_env_CPP_value=
ac_cv_env_CXXFLAGS_set=
ac_cv_env_CXXFLAGS_value=
ac_cv_env_CXX_set=
ac_cv_env_CXX_value=
ac_cv_env_LDFLAGS_set=
ac_cv_env_LDFLAGS_value=
ac_cv_env_LIBS_set=
ac_cv_env_LIBS_value=
ac_cv_env_build_alias_set=
ac_cv_env_build_alias_value=
ac_cv_env_host_alias_set=
ac_cv_env_host_alias_value=
ac_cv_env_target_alias_set=
ac_cv_env_target_alias_value=
ac_cv_epoll_works=yes
ac_cv_func_backtrace=yes
ac_cv_func_dup2=yes
ac_cv_func_fork=yes
ac_cv_func_fork_works=yes
ac_cv_func_gethostname=yes
ac_cv_func_getpagesizes=no
ac_cv_func_gettimeofday=yes
ac_cv_func_malloc_0_nonnull=yes
ac_cv_func_memchr=yes
ac_cv_func_memcntl=no
ac_cv_func_memmove=yes
ac_cv_func_memset=yes
ac_cv_func_mlockall=yes
ac_cv_func_realloc_0_nonnull=yes
ac_cv_func_socket=yes
ac_cv_func_strchr=yes
ac_cv_func_strerror=yes
ac_cv_func_strndup=yes
ac_cv_func_strtol=yes
ac_cv_func_strtoul=yes
ac_cv_func_strtoull=yes
ac_cv_func_vfork=yes
ac_cv_func_vfork_works=yes
ac_cv_header_arpa_inet_h=yes
ac_cv_header_fcntl_h=yes
ac_cv_header_float_h=yes
ac_cv_header_inttypes_h=yes
ac_cv_header_limits_h=yes
ac_cv_header_memory_h=yes
ac_cv_header_netdb_h=yes
ac_cv_header_netinet_in_h=yes
ac_cv_header_stdbool_h=yes
ac_cv_header_stdc=yes
ac_cv_header_stddef_h=yes
ac_cv_header_stdint_h=yes
ac_cv_header_stdlib_h=yes
ac_cv_header_string_h=yes
ac_cv_header_strings_h=yes
ac_cv_header_sys_epoll_h=yes
ac_cv_header_sys_ioctl_h=yes
ac_cv_header_sys_socket_h=yes
ac_cv_header_sys_stat_h=yes
ac_cv_header_sys_time_h=yes
ac_cv_header_sys_types_h=yes
ac_cv_header_sys_uio_h=yes
ac_cv_header_sys_un_h=yes
ac_cv_header_unistd_h=yes
ac_cv_header_vfork_h=no
ac_cv_host=x86_64-pc-linux-gnu
ac_cv_objext=o
ac_cv_path_EGREP='/bin/grep -E'
ac_cv_path_GREP=/bin/grep
ac_cv_path_install='/usr/bin/install -c'
ac_cv_path_mkdir=/bin/mkdir
ac_cv_prog_AWK=mawk
ac_cv_prog_CPP='gcc -E'
ac_cv_prog_ac_ct_CC=gcc
ac_cv_prog_ac_ct_CXX=g++
ac_cv_prog_cc_c89=
ac_cv_prog_cc_g=yes
ac_cv_prog_cxx_g=yes
ac_cv_prog_make_make_set=yes
ac_cv_search_pthread_create=-lpthread
ac_cv_target=x86_64-pc-linux-gnu
ac_cv_type__Bool=yes
ac_cv_type_intmax_t=yes
ac_cv_type_intptr_t=yes
ac_cv_type_long_long_int=yes
ac_cv_type_off_t=yes
ac_cv_type_pid_t=yes
ac_cv_type_size_t=yes
ac_cv_type_ssize_t=yes
ac_cv_type_uid_t=yes
ac_cv_type_uintmax_t=yes
ac_cv_type_uintptr_t=yes
ac_cv_type_unsigned_long_long_int=yes
am_cv_CC_dependencies_compiler_type=gcc3
am_cv_CXX_dependencies_compiler_type=gcc3
am_cv_make_support_nested_variables=yes
am_cv_prog_cc_c_o=yes

## ----------------- ##
## Output variables. ##
## ----------------- ##

ACLOCAL='${SHELL} /home/yiliu/bb/fatcache/config/missing aclocal-1.15'
AMDEPBACKSLASH='\'
AMDEP_FALSE='#'
AMDEP_TRUE=''
AMTAR='$${TAR-tar}'
AM_BACKSLASH='\'
AM_DEFAULT_V='$(AM_DEFAULT_VERBOSITY)'
AM_DEFAULT_VERBOSITY='1'
AM_V='$(V)'
AUTOCONF='${SHELL} /home/yiliu/bb/fatcache/config/missing autoconf'
AUTOHEADER='${SHELL} /home/yiliu/bb/fatcache/config/missing autoheader'
AUTOMAKE='${SHELL} /home/yiliu/bb/fatcache/config/missing automake-1.15'
AWK='mawk'
CC='gcc'
CCDEPMODE='depmode=gcc3'
CFLAGS='-g -O2'
CPP='gcc -E'
CPPFLAGS=''
CXX='g++'
CXXDEPMODE='depmode=gcc3'
CXXFLAGS='-g -O2'
CYGPATH_W='echo'
DEFS='-DHAVE_CONFIG_H'
DEPDIR='.deps'
ECHO_C=''
ECHO_N='-n'
ECHO_T=''
EGREP='/bin/grep -E'
EXEEXT=''
GREP='/bin/grep'
INSTALL_DATA='${INSTALL} -m 644'
INSTALL_PROGRAM='${INSTALL}'
INSTALL_SCRIPT='${INSTALL}'
INSTALL_STRIP_PROGRAM='$(install_sh) -c -s'
LDFLAGS=''
LIBOBJS=''
LIBS='-lpthread '
LTLIBOBJS=''
MAKEINFO='${SHELL} /home/yiliu/bb/fatcache/config/missing makeinfo'
MKDIR_P='/bin/mkdir -p'
OBJEXT='o'
PACKAGE='fatcache'
PACKAGE_BUGREPORT='manj@twitter.com'
PACKAGE_NAME='fatcache'
PACKAGE_STRING='fatcache 0.1.1'
PACKAGE_TARNAME='fatcache'
PACKAGE_URL=''
PACKAGE_VERSION='0.1.1'
PATH_SEPARATOR=':'
SET_MAKE=''
SHELL='/bin/bash'
STRIP=''
VERSION='0.1.1'
ac_ct_CC='gcc'
ac_ct_CXX='g++'
am__EXEEXT_FALSE=''
am__EXEEXT_TRUE='#'
am__fastdepCC_FALSE='#'
am__fastdepCC_TRUE=''
am__fastdepCXX_FALSE='#'
am__fastdepCXX_TRUE=''
am__include='include'
am__isrc=''
am__leading_dot='.'
am__nodep='_no'
am__quote=''
am__tar='$${TAR-tar} chof - "$$tardir"'
am__untar='$${TAR-tar} xf -'
bindir='${exec_prefix}/bin'
build='x86_64-pc-linux-gnu'
build_alias=''
build_cpu='x86_64'
build_os='linux-gnu'
build_vendor='pc'
datadir='${datarootdir}'
datarootdir='${prefix}/share'
docdir='${datarootdir}/doc/${PACKAGE_TARNAME}'
dvidir='${docdir}'
exec_prefix='${prefix}'
host='x86_64-pc-linux-gnu'
host_alias=''
host_cpu='x86_64'
host_os='linux-gnu'
host_vendor='pc'
htmldir='${docdir}'
includedir='${prefix}/include'
infodir='${datarootdir}/info'
install_sh='${SHELL} /home/yiliu/bb/fatcache/config/install-sh'
libdir='${exec_prefix}/lib'
libexecdir='${exec_prefix}/libexec'
localedir='${datarootdir}/locale'
localstatedir='${prefix}/var'
mandir='${datarootdir}/man'
mkdir_p='$(MKDIR_P)'
oldincludedir='/usr/include'
pdfdir='${docdir}'
prefix='/usr/local'
program_transform_name='s,x,x,'
psdir='${docdir}'
runstatedir='${localstatedir}/run'
sbindir='${exec_prefix}/sbin'
sharedstatedir='${prefix}/com'
sysconfdir='${prefix}/etc'
target='x86_64-pc-linux-gnu'
target_alias=''
target_cpu='x86_64'
target_os='linux-gnu'
target_vendor='pc'

## ----------- ##
## confdefs.h. ##
## ----------- ##

/* confdefs.h */
#define PACKAGE_NAME "fatcache"
#define PACKAGE_TARNAME "fatcache"
#define PACKAGE_VERSION "0.1.1"
#define PACKAGE_STRING "fatcache 0.1.1"
#define PACKAGE_BUGREPORT "manj@twitter.com"
#define PACKAGE_URL ""
#define PACKAGE "fatcache"
#define VERSION "0.1.1"
#define FC_VERSION_MAJOR 0
#define FC_VERSION_MINOR 1
#define FC_VERSION_PATCH 1
#define FC_VERSION_STRING "0.1.1"
#define STDC_HEADERS 1
#define HAVE_SYS_TYPES_H 1
#define HAVE_SYS_STAT_H 1
#define HAVE_STDLIB_H 1
#define HAVE_STRING_H 1
#define HAVE_MEMORY_H 1
#define HAVE_STRINGS_H 1
#define HAVE_INTTYPES_H 1
#define HAVE_STDINT_H 1
#define HAVE_UNISTD_H 1
#define HAVE_UNSIGNED_LONG_LONG_INT 1
#define HAVE_LONG_LONG_INT 1
#define HAVE_INTMAX_T 1
#define HAVE_INTPTR_T 1
#define HAVE_UINTMAX_T 1
#define HAVE_UINTPTR_T 1
#define HAVE__BOOL 1
#define HAVE_STDBOOL_H 1
#define HAVE_FCNTL_H 1
#define HAVE_FLOAT_H 1
#define HAVE_LIMITS_H 1
#define HAVE_STDDEF_H 1
#define HAVE_STDLIB_H 1
#define HAVE_STRING_H 1
#define HAVE_UNISTD_H 1
#define HAVE_INTTYPES_H 1
#define HAVE_STDINT_H 1
#define HAVE_SYS_IOCTL_H 1
#define HAVE_SYS_TIME_H 1
#define HAVE_SYS_UIO_H 1
#define HAVE_SYS_SOCKET_H 1
#define HAVE_SYS_UN_H 1
#define HAVE_NETINET_IN_H 1
#define HAVE_ARPA_INET_H 1
#define HAVE_NETDB_H 1
#define HAVE_SYS_EPOLL_H 1
#define HAVE_FORK 1
#define HAVE_VFORK 1
#define HAVE_WORKING_VFORK 1
#define HAVE_WORKING_FORK 1
#define HAVE_STDLIB_H 1
#define HAVE_MALLOC 1
#define HAVE_STDLIB_H 1
#define HAVE_REALLOC 1
#define HAVE_DUP2 1
#define HAVE_GETHOSTNAME 1
#define HAVE_GETTIMEOFDAY 1
#define HAVE_STRERROR 1
#define HAVE_SOCKET 1
#define HAVE_MEMCHR 1
#define HAVE_MEMMOVE 1
#define HAVE_MEMSET 1
#define HAVE_STRCHR 1
#define HAVE_STRNDUP 1
#define HAVE_STRTOL 1
#define HAVE_STRTOUL 1
#define HAVE_STRTOULL 1
#define HAVE_MLOCKALL 1
#define HAVE_BACKTRACE 1
#define HAVE_LITTLE_ENDIAN 1
#define HAVE_DEBUG_LOG 1

configure: exit 0

## ---------------------- ##
## Running config.status. ##
## ---------------------- ##

This file was extended by fatcache config.status 0.1.1, which was
generated by GNU Autoconf 2.69.  Invocation command line was

  CONFIG_FILES    = 
  CONFIG_HEADERS  = 
  CONFIG_LINKS    = 
  CONFIG_COMMANDS = 
  $ ./config.status src/Makefile depfiles

on OptiPlex-7040

config.status:927: creating src/Makefile
config.status:1156: executing depfiles commands

## ---------------------- ##
## Running config.status. ##
## ---------------------- ##

This file was extended by fatcache config.status 0.1.1, which was
generated by GNU Autoconf 2.69.  Invocation command line was

  CONFIG_FILES    = 
  CONFIG_HEADERS  = 
  CONFIG_LINKS    = 
  CONFIG_COMMANDS = 
  $ ./config.status src/Makefile depfiles

on OptiPlex-7040

config.status:927: creating src/Makefile
config.status:1156: executing depfiles commands
